[ 2014-12-11T21:26:24+08:00 ] 0.0.0.0 /
INFO: [ app_begin ] --START--
INFO: ReadHtmlCache Behavior ::run [ RunTime:0.001236s ]
INFO: [ app_begin ] --END-- [ RunTime:0.001442s ]
SQL: SHOW COLUMNS FROM `wj_category` [ RunTime:0.005379s ]
ERR: 1146:Table 'wenjuan.wj_category' doesn't exist
 [ SQL语句 ] : SHOW COLUMNS FROM `wj_category`
SQL: SELECT * FROM `wj_category` WHERE ( isverify=1 and isshow=1 ) LIMIT 5   [ RunTime:0.000778s ]
ERR: 1146:Table 'wenjuan.wj_category' doesn't exist
 [ SQL语句 ] : SELECT * FROM `wj_category` WHERE ( isverify=1 and isshow=1 ) LIMIT 5  
INFO: [ view_parse ] --START--
NOTIC: [8] Undefined index: username E:\wamp\www\App\Runtime\Cache\Index\35df0d61bb9b2cf03f64104eb4a2e1e8.php 第 27 行.
INFO: ParseTemplate Behavior ::run [ RunTime:0.013749s ]
INFO: [ view_parse ] --END-- [ RunTime:0.013944s ]
INFO: [ view_filter ] --START--
INFO: ContentReplace Behavior ::run [ RunTime:0.000888s ]
INFO: TokenBuild Behavior ::run [ RunTime:0.000815s ]
INFO: WriteHtmlCache Behavior ::run [ RunTime:0.000635s ]
INFO: ShowRuntime Behavior ::run [ RunTime:0.001020s ]
INFO: [ view_filter ] --END-- [ RunTime:0.003830s ]
INFO: [ view_end ] --START--
INFO: ShowPageTrace Behavior ::run [ RunTime:0.001439s ]
INFO: [ view_end ] --END-- [ RunTime:0.001661s ]

[ 2014-12-11T21:26:25+08:00 ] 0.0.0.0 /index.php/index/wj
INFO: [ route_check ] --START--
INFO: CheckRoute Behavior ::run [ RunTime:0.015106s ]
INFO: [ route_check ] --END-- [ RunTime:0.015311s ]
INFO: [ app_begin ] --START--
INFO: ReadHtmlCache Behavior ::run [ RunTime:0.001386s ]
INFO: [ app_begin ] --END-- [ RunTime:0.001595s ]
SQL: SHOW COLUMNS FROM `wj_category` [ RunTime:0.004129s ]
ERR: 1146:Table 'wenjuan.wj_category' doesn't exist
 [ SQL语句 ] : SHOW COLUMNS FROM `wj_category`
SQL: SELECT * FROM `wj_category` WHERE ( isverify=1 and isshow=1 ) LIMIT 5   [ RunTime:0.000808s ]
ERR: 1146:Table 'wenjuan.wj_category' doesn't exist
 [ SQL语句 ] : SELECT * FROM `wj_category` WHERE ( isverify=1 and isshow=1 ) LIMIT 5  
NOTIC: [8] Undefined index: username E:\wamp\www\App\Modules\Index\Action\WjAction.class.php 第 8 行.
INFO: [ view_parse ] --START--
NOTIC: [8] Undefined variable: message E:\wamp\www\App\Runtime\Cache\Index\24777e7b674573a34716158025d044d7.php 第 19 行.
INFO: ParseTemplate Behavior ::run [ RunTime:0.019794s ]
INFO: [ view_parse ] --END-- [ RunTime:0.020018s ]
INFO: [ view_filter ] --START--
INFO: ContentReplace Behavior ::run [ RunTime:0.000924s ]
INFO: TokenBuild Behavior ::run [ RunTime:0.001014s ]
INFO: WriteHtmlCache Behavior ::run [ RunTime:0.000674s ]
INFO: ShowRuntime Behavior ::run [ RunTime:0.001001s ]
INFO: [ view_filter ] --END-- [ RunTime:0.004127s ]
INFO: [ view_end ] --START--
INFO: ShowPageTrace Behavior ::run [ RunTime:0.001132s ]
INFO: [ view_end ] --END-- [ RunTime:0.001309s ]

[ 2014-12-11T21:26:41+08:00 ] 0.0.0.0 /index.php/index/login
INFO: [ route_check ] --START--
INFO: CheckRoute Behavior ::run [ RunTime:0.001197s ]
INFO: [ route_check ] --END-- [ RunTime:0.001417s ]
INFO: [ app_begin ] --START--
INFO: ReadHtmlCache Behavior ::run [ RunTime:0.000918s ]
INFO: [ app_begin ] --END-- [ RunTime:0.001095s ]
INFO: [ view_parse ] --START--
INFO: ParseTemplate Behavior ::run [ RunTime:0.045241s ]
INFO: [ view_parse ] --END-- [ RunTime:0.045448s ]
INFO: [ view_filter ] --START--
INFO: ContentReplace Behavior ::run [ RunTime:0.000703s ]
INFO: TokenBuild Behavior ::run [ RunTime:0.000712s ]
INFO: WriteHtmlCache Behavior ::run [ RunTime:0.000478s ]
INFO: ShowRuntime Behavior ::run [ RunTime:0.000868s ]
INFO: [ view_filter ] --END-- [ RunTime:0.003253s ]
INFO: [ view_end ] --START--
INFO: ShowPageTrace Behavior ::run [ RunTime:0.000975s ]
INFO: [ view_end ] --END-- [ RunTime:0.001135s ]

[ 2014-12-11T21:26:41+08:00 ] 0.0.0.0 /index.php/login/verify/
INFO: [ route_check ] --START--
INFO: CheckRoute Behavior ::run [ RunTime:0.001904s ]
INFO: [ route_check ] --END-- [ RunTime:0.002167s ]
INFO: [ app_begin ] --START--
INFO: ReadHtmlCache Behavior ::run [ RunTime:0.001115s ]
INFO: [ app_begin ] --END-- [ RunTime:0.001313s ]

[ 2014-12-11T21:27:07+08:00 ] 0.0.0.0 /index.php/login/checkLogin.html
INFO: [ route_check ] --START--
INFO: CheckRoute Behavior ::run [ RunTime:0.001223s ]
INFO: [ route_check ] --END-- [ RunTime:0.001424s ]
INFO: [ app_begin ] --START--
INFO: ReadHtmlCache Behavior ::run [ RunTime:0.000964s ]
INFO: [ app_begin ] --END-- [ RunTime:0.001127s ]
SQL: SHOW COLUMNS FROM `wj_member_user` [ RunTime:0.171768s ]
SQL: SELECT * FROM `wj_member_user` WHERE ( `username` = '王英昊' ) AND ( `password` = '96e79218965eb72c92a549dd5a330112' ) LIMIT 1   [ RunTime:0.000829s ]
NOTIC: [8] Undefined index: islock E:\wamp\www\App\Modules\Index\Action\LoginAction.class.php 第 36 行.
INFO: [ view_parse ] --START--
INFO: ParseTemplate Behavior ::run [ RunTime:0.013191s ]
INFO: [ view_parse ] --END-- [ RunTime:0.013442s ]
INFO: [ view_filter ] --START--
INFO: ContentReplace Behavior ::run [ RunTime:0.000817s ]
INFO: TokenBuild Behavior ::run [ RunTime:0.000931s ]
INFO: WriteHtmlCache Behavior ::run [ RunTime:0.000720s ]
INFO: ShowRuntime Behavior ::run [ RunTime:0.001037s ]
INFO: [ view_filter ] --END-- [ RunTime:0.004016s ]
INFO: [ view_end ] --START--
INFO: ShowPageTrace Behavior ::run [ RunTime:0.001095s ]
INFO: [ view_end ] --END-- [ RunTime:0.001256s ]

[ 2014-12-11T21:27:08+08:00 ] 0.0.0.0 /index.php/index/index.html
INFO: [ route_check ] --START--
INFO: CheckRoute Behavior ::run [ RunTime:0.001398s ]
INFO: [ route_check ] --END-- [ RunTime:0.001725s ]
INFO: [ app_begin ] --START--
INFO: ReadHtmlCache Behavior ::run [ RunTime:0.000942s ]
INFO: [ app_begin ] --END-- [ RunTime:0.001137s ]
SQL: SHOW COLUMNS FROM `wj_category` [ RunTime:0.004164s ]
ERR: 1146:Table 'wenjuan.wj_category' doesn't exist
 [ SQL语句 ] : SHOW COLUMNS FROM `wj_category`
SQL: SELECT * FROM `wj_category` WHERE ( isverify=1 and isshow=1 ) LIMIT 5   [ RunTime:0.000738s ]
ERR: 1146:Table 'wenjuan.wj_category' doesn't exist
 [ SQL语句 ] : SELECT * FROM `wj_category` WHERE ( isverify=1 and isshow=1 ) LIMIT 5  
INFO: [ view_parse ] --START--
INFO: ParseTemplate Behavior ::run [ RunTime:0.012848s ]
INFO: [ view_parse ] --END-- [ RunTime:0.013117s ]
INFO: [ view_filter ] --START--
INFO: ContentReplace Behavior ::run [ RunTime:0.000770s ]
INFO: TokenBuild Behavior ::run [ RunTime:0.000705s ]
INFO: WriteHtmlCache Behavior ::run [ RunTime:0.000485s ]
INFO: ShowRuntime Behavior ::run [ RunTime:0.000750s ]
INFO: [ view_filter ] --END-- [ RunTime:0.003206s ]
INFO: [ view_end ] --START--
INFO: ShowPageTrace Behavior ::run [ RunTime:0.000960s ]
INFO: [ view_end ] --END-- [ RunTime:0.001140s ]

[ 2014-12-11T21:27:10+08:00 ] 0.0.0.0 /index.php/index/wj
INFO: [ route_check ] --START--
INFO: CheckRoute Behavior ::run [ RunTime:0.001281s ]
INFO: [ route_check ] --END-- [ RunTime:0.001496s ]
INFO: [ app_begin ] --START--
INFO: ReadHtmlCache Behavior ::run [ RunTime:0.000938s ]
INFO: [ app_begin ] --END-- [ RunTime:0.001101s ]
SQL: SHOW COLUMNS FROM `wj_category` [ RunTime:0.004364s ]
ERR: 1146:Table 'wenjuan.wj_category' doesn't exist
 [ SQL语句 ] : SHOW COLUMNS FROM `wj_category`
SQL: SELECT * FROM `wj_category` WHERE ( isverify=1 and isshow=1 ) LIMIT 5   [ RunTime:0.000492s ]
ERR: 1146:Table 'wenjuan.wj_category' doesn't exist
 [ SQL语句 ] : SELECT * FROM `wj_category` WHERE ( isverify=1 and isshow=1 ) LIMIT 5  
SQL: SHOW COLUMNS FROM `wj_wenjuan` [ RunTime:0.056603s ]
SQL: SELECT * FROM `wj_wenjuan` WHERE ( fbr='王英昊' ) ORDER BY id desc  [ RunTime:0.000594s ]
INFO: [ view_parse ] --START--
INFO: ParseTemplate Behavior ::run [ RunTime:0.017574s ]
INFO: [ view_parse ] --END-- [ RunTime:0.017769s ]
INFO: [ view_filter ] --START--
INFO: ContentReplace Behavior ::run [ RunTime:0.000862s ]
INFO: TokenBuild Behavior ::run [ RunTime:0.001100s ]
INFO: WriteHtmlCache Behavior ::run [ RunTime:0.001080s ]
INFO: ShowRuntime Behavior ::run [ RunTime:0.001143s ]
INFO: [ view_filter ] --END-- [ RunTime:0.004790s ]
INFO: [ view_end ] --START--
INFO: ShowPageTrace Behavior ::run [ RunTime:0.000972s ]
INFO: [ view_end ] --END-- [ RunTime:0.001135s ]

[ 2014-12-11T21:27:14+08:00 ] 0.0.0.0 /index.php/index/Wj/detials/id/54
INFO: [ route_check ] --START--
INFO: CheckRoute Behavior ::run [ RunTime:0.001184s ]
INFO: [ route_check ] --END-- [ RunTime:0.001389s ]
INFO: [ app_begin ] --START--
INFO: ReadHtmlCache Behavior ::run [ RunTime:0.000913s ]
INFO: [ app_begin ] --END-- [ RunTime:0.001090s ]
SQL: SHOW COLUMNS FROM `wj_category` [ RunTime:0.004004s ]
ERR: 1146:Table 'wenjuan.wj_category' doesn't exist
 [ SQL语句 ] : SHOW COLUMNS FROM `wj_category`
SQL: SELECT * FROM `wj_category` WHERE ( isverify=1 and isshow=1 ) LIMIT 5   [ RunTime:0.000445s ]
ERR: 1146:Table 'wenjuan.wj_category' doesn't exist
 [ SQL语句 ] : SELECT * FROM `wj_category` WHERE ( isverify=1 and isshow=1 ) LIMIT 5  
SQL: SHOW COLUMNS FROM `wj_wenjuan` [ RunTime:0.004774s ]
SQL: SELECT * FROM `wj_wenjuan` WHERE ( id=54 ) LIMIT 1   [ RunTime:0.000614s ]
SQL: SHOW COLUMNS FROM `wj_wenti` [ RunTime:0.078211s ]
SQL: SELECT * FROM `wj_wenti` WHERE ( wenjuanid=54 ) ORDER BY paixu desc  [ RunTime:0.000619s ]
INFO: [ view_parse ] --START--
INFO: ParseTemplate Behavior ::run [ RunTime:0.019366s ]
INFO: [ view_parse ] --END-- [ RunTime:0.019633s ]
INFO: [ view_filter ] --START--
INFO: ContentReplace Behavior ::run [ RunTime:0.000884s ]
INFO: TokenBuild Behavior ::run [ RunTime:0.000822s ]
INFO: WriteHtmlCache Behavior ::run [ RunTime:0.000530s ]
INFO: ShowRuntime Behavior ::run [ RunTime:0.000965s ]
INFO: [ view_filter ] --END-- [ RunTime:0.003767s ]
INFO: [ view_end ] --START--
INFO: ShowPageTrace Behavior ::run [ RunTime:0.001005s ]
INFO: [ view_end ] --END-- [ RunTime:0.001200s ]

[ 2014-12-11T21:27:20+08:00 ] 0.0.0.0 /index.php/index/login/doLogout
INFO: [ route_check ] --START--
INFO: CheckRoute Behavior ::run [ RunTime:0.001216s ]
INFO: [ route_check ] --END-- [ RunTime:0.001398s ]
INFO: [ app_begin ] --START--
INFO: ReadHtmlCache Behavior ::run [ RunTime:0.000997s ]
INFO: [ app_begin ] --END-- [ RunTime:0.001186s ]
INFO: [ view_parse ] --START--
INFO: ParseTemplate Behavior ::run [ RunTime:0.013907s ]
INFO: [ view_parse ] --END-- [ RunTime:0.014144s ]
INFO: [ view_filter ] --START--
INFO: ContentReplace Behavior ::run [ RunTime:0.000968s ]
INFO: TokenBuild Behavior ::run [ RunTime:0.001060s ]
INFO: WriteHtmlCache Behavior ::run [ RunTime:0.000705s ]
INFO: ShowRuntime Behavior ::run [ RunTime:0.001219s ]
INFO: [ view_filter ] --END-- [ RunTime:0.004626s ]
INFO: [ view_end ] --START--
INFO: ShowPageTrace Behavior ::run [ RunTime:0.001087s ]
INFO: [ view_end ] --END-- [ RunTime:0.001306s ]

[ 2014-12-11T21:27:21+08:00 ] 0.0.0.0 /index.php/index/index/index.html
INFO: [ route_check ] --START--
INFO: CheckRoute Behavior ::run [ RunTime:0.001286s ]
INFO: [ route_check ] --END-- [ RunTime:0.001484s ]
INFO: [ app_begin ] --START--
INFO: ReadHtmlCache Behavior ::run [ RunTime:0.001010s ]
INFO: [ app_begin ] --END-- [ RunTime:0.001192s ]
SQL: SHOW COLUMNS FROM `wj_category` [ RunTime:0.004042s ]
ERR: 1146:Table 'wenjuan.wj_category' doesn't exist
 [ SQL语句 ] : SHOW COLUMNS FROM `wj_category`
SQL: SELECT * FROM `wj_category` WHERE ( isverify=1 and isshow=1 ) LIMIT 5   [ RunTime:0.000594s ]
ERR: 1146:Table 'wenjuan.wj_category' doesn't exist
 [ SQL语句 ] : SELECT * FROM `wj_category` WHERE ( isverify=1 and isshow=1 ) LIMIT 5  
INFO: [ view_parse ] --START--
NOTIC: [8] Undefined index: username E:\wamp\www\App\Runtime\Cache\Index\35df0d61bb9b2cf03f64104eb4a2e1e8.php 第 27 行.
INFO: ParseTemplate Behavior ::run [ RunTime:0.012641s ]
INFO: [ view_parse ] --END-- [ RunTime:0.012860s ]
INFO: [ view_filter ] --START--
INFO: ContentReplace Behavior ::run [ RunTime:0.000736s ]
INFO: TokenBuild Behavior ::run [ RunTime:0.000783s ]
INFO: WriteHtmlCache Behavior ::run [ RunTime:0.000519s ]
INFO: ShowRuntime Behavior ::run [ RunTime:0.000932s ]
INFO: [ view_filter ] --END-- [ RunTime:0.003443s ]
INFO: [ view_end ] --START--
INFO: ShowPageTrace Behavior ::run [ RunTime:0.000990s ]
INFO: [ view_end ] --END-- [ RunTime:0.001168s ]

[ 2014-12-11T21:27:23+08:00 ] 0.0.0.0 /index.php/index/Wj/detials/id/54
INFO: [ route_check ] --START--
INFO: CheckRoute Behavior ::run [ RunTime:0.001250s ]
INFO: [ route_check ] --END-- [ RunTime:0.001449s ]
INFO: [ app_begin ] --START--
INFO: ReadHtmlCache Behavior ::run [ RunTime:0.000976s ]
INFO: [ app_begin ] --END-- [ RunTime:0.001178s ]
SQL: SHOW COLUMNS FROM `wj_category` [ RunTime:0.004034s ]
ERR: 1146:Table 'wenjuan.wj_category' doesn't exist
 [ SQL语句 ] : SHOW COLUMNS FROM `wj_category`
SQL: SELECT * FROM `wj_category` WHERE ( isverify=1 and isshow=1 ) LIMIT 5   [ RunTime:0.000667s ]
ERR: 1146:Table 'wenjuan.wj_category' doesn't exist
 [ SQL语句 ] : SELECT * FROM `wj_category` WHERE ( isverify=1 and isshow=1 ) LIMIT 5  
SQL: SHOW COLUMNS FROM `wj_wenjuan` [ RunTime:0.004784s ]
SQL: SELECT * FROM `wj_wenjuan` WHERE ( id=54 ) LIMIT 1   [ RunTime:0.000715s ]
SQL: SHOW COLUMNS FROM `wj_wenti` [ RunTime:0.005075s ]
SQL: SELECT * FROM `wj_wenti` WHERE ( wenjuanid=54 ) ORDER BY paixu desc  [ RunTime:0.000739s ]
INFO: [ view_parse ] --START--
NOTIC: [8] Undefined index: username E:\wamp\www\App\Runtime\Cache\Index\36bd1ddcbc5da4a9e6482abe31f88926.php 第 25 行.
INFO: ParseTemplate Behavior ::run [ RunTime:0.019262s ]
INFO: [ view_parse ] --END-- [ RunTime:0.019455s ]
INFO: [ view_filter ] --START--
INFO: ContentReplace Behavior ::run [ RunTime:0.000844s ]
INFO: TokenBuild Behavior ::run [ RunTime:0.000812s ]
INFO: WriteHtmlCache Behavior ::run [ RunTime:0.000593s ]
INFO: ShowRuntime Behavior ::run [ RunTime:0.000914s ]
INFO: [ view_filter ] --END-- [ RunTime:0.003713s ]
INFO: [ view_end ] --START--
INFO: ShowPageTrace Behavior ::run [ RunTime:0.001074s ]
INFO: [ view_end ] --END-- [ RunTime:0.001271s ]

[ 2014-12-11T21:27:33+08:00 ] 0.0.0.0 /index.php/index/wj/submit.html
INFO: [ route_check ] --START--
INFO: CheckRoute Behavior ::run [ RunTime:0.001114s ]
INFO: [ route_check ] --END-- [ RunTime:0.001304s ]
INFO: [ app_begin ] --START--
INFO: ReadHtmlCache Behavior ::run [ RunTime:0.000908s ]
INFO: [ app_begin ] --END-- [ RunTime:0.001091s ]
SQL: SHOW COLUMNS FROM `wj_category` [ RunTime:0.004663s ]
ERR: 1146:Table 'wenjuan.wj_category' doesn't exist
 [ SQL语句 ] : SHOW COLUMNS FROM `wj_category`
SQL: SELECT * FROM `wj_category` WHERE ( isverify=1 and isshow=1 ) LIMIT 5   [ RunTime:0.000737s ]
ERR: 1146:Table 'wenjuan.wj_category' doesn't exist
 [ SQL语句 ] : SELECT * FROM `wj_category` WHERE ( isverify=1 and isshow=1 ) LIMIT 5  
NOTIC: [8] Undefined index: username E:\wamp\www\App\Modules\Index\Action\WjAction.class.php 第 36 行.
INFO: [ view_parse ] --START--
NOTIC: [8] Undefined variable: message E:\wamp\www\App\Runtime\Cache\Index\24777e7b674573a34716158025d044d7.php 第 19 行.
INFO: ParseTemplate Behavior ::run [ RunTime:0.012520s ]
INFO: [ view_parse ] --END-- [ RunTime:0.012711s ]
INFO: [ view_filter ] --START--
INFO: ContentReplace Behavior ::run [ RunTime:0.000844s ]
INFO: TokenBuild Behavior ::run [ RunTime:0.001013s ]
INFO: WriteHtmlCache Behavior ::run [ RunTime:0.000582s ]
INFO: ShowRuntime Behavior ::run [ RunTime:0.000881s ]
INFO: [ view_filter ] --END-- [ RunTime:0.003831s ]
INFO: [ view_end ] --START--
INFO: ShowPageTrace Behavior ::run [ RunTime:0.000944s ]
INFO: [ view_end ] --END-- [ RunTime:0.001122s ]

[ 2014-12-11T21:29:32+08:00 ] 0.0.0.0 /index.php/index/Wj/detials/id/54
INFO: [ route_check ] --START--
INFO: CheckRoute Behavior ::run [ RunTime:0.001638s ]
INFO: [ route_check ] --END-- [ RunTime:0.001876s ]
INFO: [ app_begin ] --START--
INFO: ReadHtmlCache Behavior ::run [ RunTime:0.001264s ]
INFO: [ app_begin ] --END-- [ RunTime:0.001477s ]
SQL: SHOW COLUMNS FROM `wj_category` [ RunTime:0.004580s ]
ERR: 1146:Table 'wenjuan.wj_category' doesn't exist
 [ SQL语句 ] : SHOW COLUMNS FROM `wj_category`
SQL: SELECT * FROM `wj_category` WHERE ( isverify=1 and isshow=1 ) LIMIT 5   [ RunTime:0.000843s ]
ERR: 1146:Table 'wenjuan.wj_category' doesn't exist
 [ SQL语句 ] : SELECT * FROM `wj_category` WHERE ( isverify=1 and isshow=1 ) LIMIT 5  
SQL: SHOW COLUMNS FROM `wj_wenjuan` [ RunTime:0.005324s ]
SQL: SELECT * FROM `wj_wenjuan` WHERE ( id=54 ) LIMIT 1   [ RunTime:0.000523s ]
SQL: SHOW COLUMNS FROM `wj_wenti` [ RunTime:0.006515s ]
SQL: SELECT * FROM `wj_wenti` WHERE ( wenjuanid=54 ) ORDER BY paixu desc  [ RunTime:0.000881s ]
INFO: [ view_parse ] --START--
NOTIC: [8] Undefined index: username E:\wamp\www\App\Runtime\Cache\Index\36bd1ddcbc5da4a9e6482abe31f88926.php 第 25 行.
INFO: ParseTemplate Behavior ::run [ RunTime:0.022225s ]
INFO: [ view_parse ] --END-- [ RunTime:0.022452s ]
INFO: [ view_filter ] --START--
INFO: ContentReplace Behavior ::run [ RunTime:0.001405s ]
INFO: TokenBuild Behavior ::run [ RunTime:0.001231s ]
INFO: WriteHtmlCache Behavior ::run [ RunTime:0.000750s ]
INFO: ShowRuntime Behavior ::run [ RunTime:0.001347s ]
INFO: [ view_filter ] --END-- [ RunTime:0.005474s ]
INFO: [ view_end ] --START--
INFO: ShowPageTrace Behavior ::run [ RunTime:0.001412s ]
INFO: [ view_end ] --END-- [ RunTime:0.001651s ]

[ 2014-12-11T21:29:33+08:00 ] 0.0.0.0 /index.php/index/logina?id=54
INFO: [ route_check ] --START--
INFO: CheckRoute Behavior ::run [ RunTime:0.001225s ]
INFO: [ route_check ] --END-- [ RunTime:0.001454s ]
INFO: [ app_begin ] --START--
INFO: ReadHtmlCache Behavior ::run [ RunTime:0.001041s ]
INFO: [ app_begin ] --END-- [ RunTime:0.001257s ]
NOTIC: [8] Undefined index: wjid E:\wamp\www\App\Modules\Index\Action\LoginaAction.class.php 第 22 行.
INFO: [ view_parse ] --START--
INFO: ParseTemplate Behavior ::run [ RunTime:0.016244s ]
INFO: [ view_parse ] --END-- [ RunTime:0.016514s ]
INFO: [ view_filter ] --START--
INFO: ContentReplace Behavior ::run [ RunTime:0.001049s ]
INFO: TokenBuild Behavior ::run [ RunTime:0.000854s ]
INFO: WriteHtmlCache Behavior ::run [ RunTime:0.000563s ]
INFO: ShowRuntime Behavior ::run [ RunTime:0.000916s ]
INFO: [ view_filter ] --END-- [ RunTime:0.003948s ]
INFO: [ view_end ] --START--
INFO: ShowPageTrace Behavior ::run [ RunTime:0.001078s ]
INFO: [ view_end ] --END-- [ RunTime:0.001269s ]

[ 2014-12-11T21:29:34+08:00 ] 0.0.0.0 /index.php/logina/verify/
INFO: [ route_check ] --START--
INFO: CheckRoute Behavior ::run [ RunTime:0.002091s ]
INFO: [ route_check ] --END-- [ RunTime:0.002393s ]
INFO: [ app_begin ] --START--
INFO: ReadHtmlCache Behavior ::run [ RunTime:0.001317s ]
INFO: [ app_begin ] --END-- [ RunTime:0.001542s ]

[ 2014-12-11T21:29:52+08:00 ] 0.0.0.0 /index.php/index/logina?id=54
INFO: [ route_check ] --START--
INFO: CheckRoute Behavior ::run [ RunTime:0.001685s ]
INFO: [ route_check ] --END-- [ RunTime:0.001899s ]
INFO: [ app_begin ] --START--
INFO: ReadHtmlCache Behavior ::run [ RunTime:0.001096s ]
INFO: [ app_begin ] --END-- [ RunTime:0.001259s ]
INFO: [ view_parse ] --START--
INFO: ParseTemplate Behavior ::run [ RunTime:0.014106s ]
INFO: [ view_parse ] --END-- [ RunTime:0.014337s ]
INFO: [ view_filter ] --START--
INFO: ContentReplace Behavior ::run [ RunTime:0.001034s ]
INFO: TokenBuild Behavior ::run [ RunTime:0.001199s ]
INFO: WriteHtmlCache Behavior ::run [ RunTime:0.001104s ]
INFO: ShowRuntime Behavior ::run [ RunTime:0.001413s ]
INFO: [ view_filter ] --END-- [ RunTime:0.005328s ]
INFO: [ view_end ] --START--
INFO: ShowPageTrace Behavior ::run [ RunTime:0.001329s ]
INFO: [ view_end ] --END-- [ RunTime:0.001532s ]

[ 2014-12-11T21:29:52+08:00 ] 0.0.0.0 /index.php/logina/verify/
INFO: [ route_check ] --START--
INFO: CheckRoute Behavior ::run [ RunTime:0.002318s ]
INFO: [ route_check ] --END-- [ RunTime:0.002592s ]
INFO: [ app_begin ] --START--
INFO: ReadHtmlCache Behavior ::run [ RunTime:0.001572s ]
INFO: [ app_begin ] --END-- [ RunTime:0.001836s ]

[ 2014-12-11T21:30:29+08:00 ] 0.0.0.0 /index.php/index/logina?id=54
INFO: [ route_check ] --START--
INFO: CheckRoute Behavior ::run [ RunTime:0.001320s ]
INFO: [ route_check ] --END-- [ RunTime:0.001572s ]
INFO: [ app_begin ] --START--
INFO: ReadHtmlCache Behavior ::run [ RunTime:0.001161s ]
INFO: [ app_begin ] --END-- [ RunTime:0.001355s ]
INFO: [ view_parse ] --START--
INFO: ParseTemplate Behavior ::run [ RunTime:0.014643s ]
INFO: [ view_parse ] --END-- [ RunTime:0.014853s ]
INFO: [ view_filter ] --START--
INFO: ContentReplace Behavior ::run [ RunTime:0.000955s ]
INFO: TokenBuild Behavior ::run [ RunTime:0.000870s ]
INFO: WriteHtmlCache Behavior ::run [ RunTime:0.000774s ]
INFO: ShowRuntime Behavior ::run [ RunTime:0.001089s ]
INFO: [ view_filter ] --END-- [ RunTime:0.004169s ]
INFO: [ view_end ] --START--
INFO: ShowPageTrace Behavior ::run [ RunTime:0.001176s ]
INFO: [ view_end ] --END-- [ RunTime:0.001362s ]

[ 2014-12-11T21:30:29+08:00 ] 0.0.0.0 /index.php/logina/verify/
INFO: [ route_check ] --START--
INFO: CheckRoute Behavior ::run [ RunTime:0.001488s ]
INFO: [ route_check ] --END-- [ RunTime:0.001762s ]
INFO: [ app_begin ] --START--
INFO: ReadHtmlCache Behavior ::run [ RunTime:0.001670s ]
INFO: [ app_begin ] --END-- [ RunTime:0.002182s ]

[ 2014-12-11T21:32:03+08:00 ] 0.0.0.0 /index.php/index/logina?id=54
INFO: [ route_check ] --START--
INFO: CheckRoute Behavior ::run [ RunTime:0.001440s ]
INFO: [ route_check ] --END-- [ RunTime:0.001631s ]
INFO: [ app_begin ] --START--
INFO: ReadHtmlCache Behavior ::run [ RunTime:0.001138s ]
INFO: [ app_begin ] --END-- [ RunTime:0.001327s ]

[ 2014-12-11T21:32:24+08:00 ] 0.0.0.0 /index.php/index/logina?id=54
INFO: [ route_check ] --START--
INFO: CheckRoute Behavior ::run [ RunTime:0.001251s ]
INFO: [ route_check ] --END-- [ RunTime:0.001521s ]
INFO: [ app_begin ] --START--
INFO: ReadHtmlCache Behavior ::run [ RunTime:0.001379s ]
INFO: [ app_begin ] --END-- [ RunTime:0.001613s ]
INFO: [ view_parse ] --START--
INFO: ParseTemplate Behavior ::run [ RunTime:0.014758s ]
INFO: [ view_parse ] --END-- [ RunTime:0.015002s ]
INFO: [ view_filter ] --START--
INFO: ContentReplace Behavior ::run [ RunTime:0.001094s ]
INFO: TokenBuild Behavior ::run [ RunTime:0.001046s ]
INFO: WriteHtmlCache Behavior ::run [ RunTime:0.000848s ]
INFO: ShowRuntime Behavior ::run [ RunTime:0.001138s ]
INFO: [ view_filter ] --END-- [ RunTime:0.004691s ]
INFO: [ view_end ] --START--
INFO: ShowPageTrace Behavior ::run [ RunTime:0.001212s ]
INFO: [ view_end ] --END-- [ RunTime:0.001407s ]

[ 2014-12-11T21:32:24+08:00 ] 0.0.0.0 /index.php/logina/verify/
INFO: [ route_check ] --START--
INFO: CheckRoute Behavior ::run [ RunTime:0.002070s ]
INFO: [ route_check ] --END-- [ RunTime:0.002356s ]
INFO: [ app_begin ] --START--
INFO: ReadHtmlCache Behavior ::run [ RunTime:0.001270s ]
INFO: [ app_begin ] --END-- [ RunTime:0.001501s ]

[ 2014-12-11T21:32:36+08:00 ] 0.0.0.0 /index.php/login/checkLogin.html
INFO: [ route_check ] --START--
INFO: CheckRoute Behavior ::run [ RunTime:0.001180s ]
INFO: [ route_check ] --END-- [ RunTime:0.001384s ]
INFO: [ app_begin ] --START--
INFO: ReadHtmlCache Behavior ::run [ RunTime:0.000916s ]
INFO: [ app_begin ] --END-- [ RunTime:0.001111s ]
SQL: SHOW COLUMNS FROM `wj_member_user` [ RunTime:0.005255s ]
SQL: SELECT * FROM `wj_member_user` WHERE ( `username` = '王英昊' ) AND ( `password` = '96e79218965eb72c92a549dd5a330112' ) LIMIT 1   [ RunTime:0.000489s ]
NOTIC: [8] Undefined index: islock E:\wamp\www\App\Modules\Index\Action\LoginAction.class.php 第 36 行.
INFO: [ view_parse ] --START--
INFO: ParseTemplate Behavior ::run [ RunTime:0.012869s ]
INFO: [ view_parse ] --END-- [ RunTime:0.013116s ]
INFO: [ view_filter ] --START--
INFO: ContentReplace Behavior ::run [ RunTime:0.001016s ]
INFO: TokenBuild Behavior ::run [ RunTime:0.001208s ]
INFO: WriteHtmlCache Behavior ::run [ RunTime:0.000918s ]
INFO: ShowRuntime Behavior ::run [ RunTime:0.001349s ]
INFO: [ view_filter ] --END-- [ RunTime:0.005112s ]
INFO: [ view_end ] --START--
INFO: ShowPageTrace Behavior ::run [ RunTime:0.001348s ]
INFO: [ view_end ] --END-- [ RunTime:0.001549s ]

[ 2014-12-11T21:32:37+08:00 ] 0.0.0.0 /index.php/index/index.html
INFO: [ route_check ] --START--
INFO: CheckRoute Behavior ::run [ RunTime:0.001170s ]
INFO: [ route_check ] --END-- [ RunTime:0.001392s ]
INFO: [ app_begin ] --START--
INFO: ReadHtmlCache Behavior ::run [ RunTime:0.000970s ]
INFO: [ app_begin ] --END-- [ RunTime:0.001169s ]
SQL: SHOW COLUMNS FROM `wj_category` [ RunTime:0.004033s ]
ERR: 1146:Table 'wenjuan.wj_category' doesn't exist
 [ SQL语句 ] : SHOW COLUMNS FROM `wj_category`
SQL: SELECT * FROM `wj_category` WHERE ( isverify=1 and isshow=1 ) LIMIT 5   [ RunTime:0.000795s ]
ERR: 1146:Table 'wenjuan.wj_category' doesn't exist
 [ SQL语句 ] : SELECT * FROM `wj_category` WHERE ( isverify=1 and isshow=1 ) LIMIT 5  
INFO: [ view_parse ] --START--
INFO: ParseTemplate Behavior ::run [ RunTime:0.013749s ]
INFO: [ view_parse ] --END-- [ RunTime:0.013997s ]
INFO: [ view_filter ] --START--
INFO: ContentReplace Behavior ::run [ RunTime:0.000701s ]
INFO: TokenBuild Behavior ::run [ RunTime:0.000705s ]
INFO: WriteHtmlCache Behavior ::run [ RunTime:0.000404s ]
INFO: ShowRuntime Behavior ::run [ RunTime:0.000882s ]
INFO: [ view_filter ] --END-- [ RunTime:0.003209s ]
INFO: [ view_end ] --START--
INFO: ShowPageTrace Behavior ::run [ RunTime:0.001088s ]
INFO: [ view_end ] --END-- [ RunTime:0.001271s ]

[ 2014-12-11T21:32:48+08:00 ] 0.0.0.0 /index.php/index/login/doLogout
INFO: [ route_check ] --START--
INFO: CheckRoute Behavior ::run [ RunTime:0.001202s ]
INFO: [ route_check ] --END-- [ RunTime:0.001406s ]
INFO: [ app_begin ] --START--
INFO: ReadHtmlCache Behavior ::run [ RunTime:0.000928s ]
INFO: [ app_begin ] --END-- [ RunTime:0.001122s ]
INFO: [ view_parse ] --START--
INFO: ParseTemplate Behavior ::run [ RunTime:0.011672s ]
INFO: [ view_parse ] --END-- [ RunTime:0.011881s ]
INFO: [ view_filter ] --START--
INFO: ContentReplace Behavior ::run [ RunTime:0.000706s ]
INFO: TokenBuild Behavior ::run [ RunTime:0.000793s ]
INFO: WriteHtmlCache Behavior ::run [ RunTime:0.000558s ]
INFO: ShowRuntime Behavior ::run [ RunTime:0.000929s ]
INFO: [ view_filter ] --END-- [ RunTime:0.003468s ]
INFO: [ view_end ] --START--
INFO: ShowPageTrace Behavior ::run [ RunTime:0.001065s ]
INFO: [ view_end ] --END-- [ RunTime:0.001244s ]

[ 2014-12-11T21:32:49+08:00 ] 0.0.0.0 /index.php/index/index/index.html
INFO: [ route_check ] --START--
INFO: CheckRoute Behavior ::run [ RunTime:0.001651s ]
INFO: [ route_check ] --END-- [ RunTime:0.001977s ]
INFO: [ app_begin ] --START--
INFO: ReadHtmlCache Behavior ::run [ RunTime:0.001043s ]
INFO: [ app_begin ] --END-- [ RunTime:0.001258s ]
SQL: SHOW COLUMNS FROM `wj_category` [ RunTime:0.004067s ]
ERR: 1146:Table 'wenjuan.wj_category' doesn't exist
 [ SQL语句 ] : SHOW COLUMNS FROM `wj_category`
SQL: SELECT * FROM `wj_category` WHERE ( isverify=1 and isshow=1 ) LIMIT 5   [ RunTime:0.000860s ]
ERR: 1146:Table 'wenjuan.wj_category' doesn't exist
 [ SQL语句 ] : SELECT * FROM `wj_category` WHERE ( isverify=1 and isshow=1 ) LIMIT 5  
INFO: [ view_parse ] --START--
NOTIC: [8] Undefined index: username E:\wamp\www\App\Runtime\Cache\Index\35df0d61bb9b2cf03f64104eb4a2e1e8.php 第 27 行.
INFO: ParseTemplate Behavior ::run [ RunTime:0.014418s ]
INFO: [ view_parse ] --END-- [ RunTime:0.014686s ]
INFO: [ view_filter ] --START--
INFO: ContentReplace Behavior ::run [ RunTime:0.000881s ]
INFO: TokenBuild Behavior ::run [ RunTime:0.000729s ]
INFO: WriteHtmlCache Behavior ::run [ RunTime:0.000602s ]
INFO: ShowRuntime Behavior ::run [ RunTime:0.000953s ]
INFO: [ view_filter ] --END-- [ RunTime:0.003678s ]
INFO: [ view_end ] --START--
INFO: ShowPageTrace Behavior ::run [ RunTime:0.000975s ]
INFO: [ view_end ] --END-- [ RunTime:0.001137s ]

[ 2014-12-11T21:32:49+08:00 ] 0.0.0.0 /index.php/index/login
INFO: [ route_check ] --START--
INFO: CheckRoute Behavior ::run [ RunTime:0.001194s ]
INFO: [ route_check ] --END-- [ RunTime:0.001416s ]
INFO: [ app_begin ] --START--
INFO: ReadHtmlCache Behavior ::run [ RunTime:0.000949s ]
INFO: [ app_begin ] --END-- [ RunTime:0.001148s ]
INFO: [ view_parse ] --START--
INFO: ParseTemplate Behavior ::run [ RunTime:0.014556s ]
INFO: [ view_parse ] --END-- [ RunTime:0.014793s ]
INFO: [ view_filter ] --START--
INFO: ContentReplace Behavior ::run [ RunTime:0.000727s ]
INFO: TokenBuild Behavior ::run [ RunTime:0.000714s ]
INFO: WriteHtmlCache Behavior ::run [ RunTime:0.000497s ]
INFO: ShowRuntime Behavior ::run [ RunTime:0.001125s ]
INFO: [ view_filter ] --END-- [ RunTime:0.003585s ]
INFO: [ view_end ] --START--
INFO: ShowPageTrace Behavior ::run [ RunTime:0.001030s ]
INFO: [ view_end ] --END-- [ RunTime:0.001200s ]

[ 2014-12-11T21:32:50+08:00 ] 0.0.0.0 /index.php/login/verify/
INFO: [ route_check ] --START--
INFO: CheckRoute Behavior ::run [ RunTime:0.001793s ]
INFO: [ route_check ] --END-- [ RunTime:0.002035s ]
INFO: [ app_begin ] --START--
INFO: ReadHtmlCache Behavior ::run [ RunTime:0.002009s ]
INFO: [ app_begin ] --END-- [ RunTime:0.002325s ]

[ 2014-12-11T21:33:02+08:00 ] 0.0.0.0 /index.php/login/checkLogin.html
INFO: [ route_check ] --START--
INFO: CheckRoute Behavior ::run [ RunTime:0.000970s ]
INFO: [ route_check ] --END-- [ RunTime:0.001139s ]
INFO: [ app_begin ] --START--
INFO: ReadHtmlCache Behavior ::run [ RunTime:0.000956s ]
INFO: [ app_begin ] --END-- [ RunTime:0.001141s ]
SQL: SHOW COLUMNS FROM `wj_member_user` [ RunTime:0.004777s ]
SQL: SELECT * FROM `wj_member_user` WHERE ( `username` = '王英昊' ) AND ( `password` = '96e79218965eb72c92a549dd5a330112' ) LIMIT 1   [ RunTime:0.000792s ]
NOTIC: [8] Undefined index: islock E:\wamp\www\App\Modules\Index\Action\LoginAction.class.php 第 36 行.
INFO: [ view_parse ] --START--
INFO: ParseTemplate Behavior ::run [ RunTime:0.013486s ]
INFO: [ view_parse ] --END-- [ RunTime:0.013759s ]
INFO: [ view_filter ] --START--
INFO: ContentReplace Behavior ::run [ RunTime:0.000930s ]
INFO: TokenBuild Behavior ::run [ RunTime:0.000934s ]
INFO: WriteHtmlCache Behavior ::run [ RunTime:0.000720s ]
INFO: ShowRuntime Behavior ::run [ RunTime:0.001136s ]
INFO: [ view_filter ] --END-- [ RunTime:0.004220s ]
INFO: [ view_end ] --START--
INFO: ShowPageTrace Behavior ::run [ RunTime:0.001178s ]
INFO: [ view_end ] --END-- [ RunTime:0.001356s ]

[ 2014-12-11T21:33:03+08:00 ] 0.0.0.0 /index.php/index/index.html
INFO: [ route_check ] --START--
INFO: CheckRoute Behavior ::run [ RunTime:0.001241s ]
INFO: [ route_check ] --END-- [ RunTime:0.001445s ]
INFO: [ app_begin ] --START--
INFO: ReadHtmlCache Behavior ::run [ RunTime:0.001071s ]
INFO: [ app_begin ] --END-- [ RunTime:0.001262s ]
SQL: SHOW COLUMNS FROM `wj_category` [ RunTime:0.004031s ]
ERR: 1146:Table 'wenjuan.wj_category' doesn't exist
 [ SQL语句 ] : SHOW COLUMNS FROM `wj_category`
SQL: SELECT * FROM `wj_category` WHERE ( isverify=1 and isshow=1 ) LIMIT 5   [ RunTime:0.000793s ]
ERR: 1146:Table 'wenjuan.wj_category' doesn't exist
 [ SQL语句 ] : SELECT * FROM `wj_category` WHERE ( isverify=1 and isshow=1 ) LIMIT 5  
INFO: [ view_parse ] --START--
INFO: ParseTemplate Behavior ::run [ RunTime:0.013499s ]
INFO: [ view_parse ] --END-- [ RunTime:0.013731s ]
INFO: [ view_filter ] --START--
INFO: ContentReplace Behavior ::run [ RunTime:0.000777s ]
INFO: TokenBuild Behavior ::run [ RunTime:0.000858s ]
INFO: WriteHtmlCache Behavior ::run [ RunTime:0.000611s ]
INFO: ShowRuntime Behavior ::run [ RunTime:0.000841s ]
INFO: [ view_filter ] --END-- [ RunTime:0.003560s ]
INFO: [ view_end ] --START--
INFO: ShowPageTrace Behavior ::run [ RunTime:0.001045s ]
INFO: [ view_end ] --END-- [ RunTime:0.001219s ]

[ 2014-12-11T21:33:40+08:00 ] 0.0.0.0 /index.php/index/login/doLogout
INFO: [ route_check ] --START--
INFO: CheckRoute Behavior ::run [ RunTime:0.001289s ]
INFO: [ route_check ] --END-- [ RunTime:0.001515s ]
INFO: [ app_begin ] --START--
INFO: ReadHtmlCache Behavior ::run [ RunTime:0.000917s ]
INFO: [ app_begin ] --END-- [ RunTime:0.001099s ]
INFO: [ view_parse ] --START--
INFO: ParseTemplate Behavior ::run [ RunTime:0.012903s ]
INFO: [ view_parse ] --END-- [ RunTime:0.013158s ]
INFO: [ view_filter ] --START--
INFO: ContentReplace Behavior ::run [ RunTime:0.000709s ]
INFO: TokenBuild Behavior ::run [ RunTime:0.000705s ]
INFO: WriteHtmlCache Behavior ::run [ RunTime:0.000499s ]
INFO: ShowRuntime Behavior ::run [ RunTime:0.001153s ]
INFO: [ view_filter ] --END-- [ RunTime:0.003613s ]
INFO: [ view_end ] --START--
INFO: ShowPageTrace Behavior ::run [ RunTime:0.001274s ]
INFO: [ view_end ] --END-- [ RunTime:0.001494s ]

[ 2014-12-11T21:33:41+08:00 ] 0.0.0.0 /index.php/index/index/index.html
INFO: [ route_check ] --START--
INFO: CheckRoute Behavior ::run [ RunTime:0.001162s ]
INFO: [ route_check ] --END-- [ RunTime:0.001357s ]
INFO: [ app_begin ] --START--
INFO: ReadHtmlCache Behavior ::run [ RunTime:0.001283s ]
INFO: [ app_begin ] --END-- [ RunTime:0.001483s ]
SQL: SHOW COLUMNS FROM `wj_category` [ RunTime:0.004517s ]
ERR: 1146:Table 'wenjuan.wj_category' doesn't exist
 [ SQL语句 ] : SHOW COLUMNS FROM `wj_category`
SQL: SELECT * FROM `wj_category` WHERE ( isverify=1 and isshow=1 ) LIMIT 5   [ RunTime:0.000566s ]
ERR: 1146:Table 'wenjuan.wj_category' doesn't exist
 [ SQL语句 ] : SELECT * FROM `wj_category` WHERE ( isverify=1 and isshow=1 ) LIMIT 5  
INFO: [ view_parse ] --START--
NOTIC: [8] Undefined index: username E:\wamp\www\App\Runtime\Cache\Index\35df0d61bb9b2cf03f64104eb4a2e1e8.php 第 27 行.
INFO: ParseTemplate Behavior ::run [ RunTime:0.012323s ]
INFO: [ view_parse ] --END-- [ RunTime:0.012557s ]
INFO: [ view_filter ] --START--
INFO: ContentReplace Behavior ::run [ RunTime:0.000794s ]
INFO: TokenBuild Behavior ::run [ RunTime:0.000824s ]
INFO: WriteHtmlCache Behavior ::run [ RunTime:0.000620s ]
INFO: ShowRuntime Behavior ::run [ RunTime:0.000908s ]
INFO: [ view_filter ] --END-- [ RunTime:0.003656s ]
INFO: [ view_end ] --START--
INFO: ShowPageTrace Behavior ::run [ RunTime:0.001233s ]
INFO: [ view_end ] --END-- [ RunTime:0.001447s ]

[ 2014-12-11T21:33:41+08:00 ] 0.0.0.0 /index.php/index/login
INFO: [ route_check ] --START--
INFO: CheckRoute Behavior ::run [ RunTime:0.000999s ]
INFO: [ route_check ] --END-- [ RunTime:0.001185s ]
INFO: [ app_begin ] --START--
INFO: ReadHtmlCache Behavior ::run [ RunTime:0.000856s ]
INFO: [ app_begin ] --END-- [ RunTime:0.001016s ]
INFO: [ view_parse ] --START--
INFO: ParseTemplate Behavior ::run [ RunTime:0.013258s ]
INFO: [ view_parse ] --END-- [ RunTime:0.013460s ]
INFO: [ view_filter ] --START--
INFO: ContentReplace Behavior ::run [ RunTime:0.000574s ]
INFO: TokenBuild Behavior ::run [ RunTime:0.000576s ]
INFO: WriteHtmlCache Behavior ::run [ RunTime:0.000579s ]
INFO: ShowRuntime Behavior ::run [ RunTime:0.000924s ]
INFO: [ view_filter ] --END-- [ RunTime:0.003287s ]
INFO: [ view_end ] --START--
INFO: ShowPageTrace Behavior ::run [ RunTime:0.001081s ]
INFO: [ view_end ] --END-- [ RunTime:0.001296s ]

[ 2014-12-11T21:33:41+08:00 ] 0.0.0.0 /index.php/login/verify/
INFO: [ route_check ] --START--
INFO: CheckRoute Behavior ::run [ RunTime:0.001333s ]
INFO: [ route_check ] --END-- [ RunTime:0.001556s ]
INFO: [ app_begin ] --START--
INFO: ReadHtmlCache Behavior ::run [ RunTime:0.002113s ]
INFO: [ app_begin ] --END-- [ RunTime:0.002594s ]

[ 2014-12-11T21:33:48+08:00 ] 0.0.0.0 /index.php/login/checkLogin.html
INFO: [ route_check ] --START--
INFO: CheckRoute Behavior ::run [ RunTime:0.001187s ]
INFO: [ route_check ] --END-- [ RunTime:0.001399s ]
INFO: [ app_begin ] --START--
INFO: ReadHtmlCache Behavior ::run [ RunTime:0.001005s ]
INFO: [ app_begin ] --END-- [ RunTime:0.001193s ]
SQL: SHOW COLUMNS FROM `wj_member_user` [ RunTime:0.004680s ]
SQL: SELECT * FROM `wj_member_user` WHERE ( `username` = '王英昊' ) AND ( `password` = '96e79218965eb72c92a549dd5a330112' ) LIMIT 1   [ RunTime:0.000708s ]
NOTIC: [8] Undefined index: islock E:\wamp\www\App\Modules\Index\Action\LoginAction.class.php 第 36 行.
INFO: [ view_parse ] --START--
INFO: ParseTemplate Behavior ::run [ RunTime:0.012669s ]
INFO: [ view_parse ] --END-- [ RunTime:0.012935s ]
INFO: [ view_filter ] --START--
INFO: ContentReplace Behavior ::run [ RunTime:0.000941s ]
INFO: TokenBuild Behavior ::run [ RunTime:0.000748s ]
INFO: WriteHtmlCache Behavior ::run [ RunTime:0.000511s ]
INFO: ShowRuntime Behavior ::run [ RunTime:0.000880s ]
INFO: [ view_filter ] --END-- [ RunTime:0.003595s ]
INFO: [ view_end ] --START--
INFO: ShowPageTrace Behavior ::run [ RunTime:0.000946s ]
INFO: [ view_end ] --END-- [ RunTime:0.001142s ]

[ 2014-12-11T21:33:49+08:00 ] 0.0.0.0 /index.php/index/index.html
INFO: [ route_check ] --START--
INFO: CheckRoute Behavior ::run [ RunTime:0.001184s ]
INFO: [ route_check ] --END-- [ RunTime:0.001390s ]
INFO: [ app_begin ] --START--
INFO: ReadHtmlCache Behavior ::run [ RunTime:0.000967s ]
INFO: [ app_begin ] --END-- [ RunTime:0.001152s ]
SQL: SHOW COLUMNS FROM `wj_category` [ RunTime:0.003938s ]
ERR: 1146:Table 'wenjuan.wj_category' doesn't exist
 [ SQL语句 ] : SHOW COLUMNS FROM `wj_category`
SQL: SELECT * FROM `wj_category` WHERE ( isverify=1 and isshow=1 ) LIMIT 5   [ RunTime:0.000742s ]
ERR: 1146:Table 'wenjuan.wj_category' doesn't exist
 [ SQL语句 ] : SELECT * FROM `wj_category` WHERE ( isverify=1 and isshow=1 ) LIMIT 5  
INFO: [ view_parse ] --START--
INFO: ParseTemplate Behavior ::run [ RunTime:0.012404s ]
INFO: [ view_parse ] --END-- [ RunTime:0.012638s ]
INFO: [ view_filter ] --START--
INFO: ContentReplace Behavior ::run [ RunTime:0.000746s ]
INFO: TokenBuild Behavior ::run [ RunTime:0.000788s ]
INFO: WriteHtmlCache Behavior ::run [ RunTime:0.000538s ]
INFO: ShowRuntime Behavior ::run [ RunTime:0.000870s ]
INFO: [ view_filter ] --END-- [ RunTime:0.003439s ]
INFO: [ view_end ] --START--
INFO: ShowPageTrace Behavior ::run [ RunTime:0.000969s ]
INFO: [ view_end ] --END-- [ RunTime:0.001186s ]

[ 2014-12-11T21:33:51+08:00 ] 0.0.0.0 /index.php/index/login/doLogout
INFO: [ route_check ] --START--
INFO: CheckRoute Behavior ::run [ RunTime:0.001291s ]
INFO: [ route_check ] --END-- [ RunTime:0.001479s ]
INFO: [ app_begin ] --START--
INFO: ReadHtmlCache Behavior ::run [ RunTime:0.000930s ]
INFO: [ app_begin ] --END-- [ RunTime:0.001091s ]
INFO: [ view_parse ] --START--
INFO: ParseTemplate Behavior ::run [ RunTime:0.012513s ]
INFO: [ view_parse ] --END-- [ RunTime:0.012737s ]
INFO: [ view_filter ] --START--
INFO: ContentReplace Behavior ::run [ RunTime:0.000704s ]
INFO: TokenBuild Behavior ::run [ RunTime:0.000805s ]
INFO: WriteHtmlCache Behavior ::run [ RunTime:0.000578s ]
INFO: ShowRuntime Behavior ::run [ RunTime:0.000941s ]
INFO: [ view_filter ] --END-- [ RunTime:0.003518s ]
INFO: [ view_end ] --START--
INFO: ShowPageTrace Behavior ::run [ RunTime:0.001259s ]
INFO: [ view_end ] --END-- [ RunTime:0.001457s ]

[ 2014-12-11T21:33:52+08:00 ] 0.0.0.0 /index.php/index/index/index.html
INFO: [ route_check ] --START--
INFO: CheckRoute Behavior ::run [ RunTime:0.001118s ]
INFO: [ route_check ] --END-- [ RunTime:0.001309s ]
INFO: [ app_begin ] --START--
INFO: ReadHtmlCache Behavior ::run [ RunTime:0.000954s ]
INFO: [ app_begin ] --END-- [ RunTime:0.001185s ]
SQL: SHOW COLUMNS FROM `wj_category` [ RunTime:0.004227s ]
ERR: 1146:Table 'wenjuan.wj_category' doesn't exist
 [ SQL语句 ] : SHOW COLUMNS FROM `wj_category`
SQL: SELECT * FROM `wj_category` WHERE ( isverify=1 and isshow=1 ) LIMIT 5   [ RunTime:0.000418s ]
ERR: 1146:Table 'wenjuan.wj_category' doesn't exist
 [ SQL语句 ] : SELECT * FROM `wj_category` WHERE ( isverify=1 and isshow=1 ) LIMIT 5  
INFO: [ view_parse ] --START--
NOTIC: [8] Undefined index: username E:\wamp\www\App\Runtime\Cache\Index\35df0d61bb9b2cf03f64104eb4a2e1e8.php 第 27 行.
INFO: ParseTemplate Behavior ::run [ RunTime:0.012929s ]
INFO: [ view_parse ] --END-- [ RunTime:0.013140s ]
INFO: [ view_filter ] --START--
INFO: ContentReplace Behavior ::run [ RunTime:0.000694s ]
INFO: TokenBuild Behavior ::run [ RunTime:0.000726s ]
INFO: WriteHtmlCache Behavior ::run [ RunTime:0.000498s ]
INFO: ShowRuntime Behavior ::run [ RunTime:0.000870s ]
INFO: [ view_filter ] --END-- [ RunTime:0.003296s ]
INFO: [ view_end ] --START--
INFO: ShowPageTrace Behavior ::run [ RunTime:0.000951s ]
INFO: [ view_end ] --END-- [ RunTime:0.001187s ]

[ 2014-12-11T21:33:56+08:00 ] 0.0.0.0 /index.php/index/index/index.html
INFO: [ route_check ] --START--
INFO: CheckRoute Behavior ::run [ RunTime:0.001181s ]
INFO: [ route_check ] --END-- [ RunTime:0.001403s ]
INFO: [ app_begin ] --START--
INFO: ReadHtmlCache Behavior ::run [ RunTime:0.000849s ]
INFO: [ app_begin ] --END-- [ RunTime:0.001019s ]
SQL: SHOW COLUMNS FROM `wj_category` [ RunTime:0.004400s ]
ERR: 1146:Table 'wenjuan.wj_category' doesn't exist
 [ SQL语句 ] : SHOW COLUMNS FROM `wj_category`
SQL: SELECT * FROM `wj_category` WHERE ( isverify=1 and isshow=1 ) LIMIT 5   [ RunTime:0.000411s ]
ERR: 1146:Table 'wenjuan.wj_category' doesn't exist
 [ SQL语句 ] : SELECT * FROM `wj_category` WHERE ( isverify=1 and isshow=1 ) LIMIT 5  
INFO: [ view_parse ] --START--
NOTIC: [8] Undefined index: username E:\wamp\www\App\Runtime\Cache\Index\35df0d61bb9b2cf03f64104eb4a2e1e8.php 第 27 行.
INFO: ParseTemplate Behavior ::run [ RunTime:0.014444s ]
INFO: [ view_parse ] --END-- [ RunTime:0.014717s ]
INFO: [ view_filter ] --START--
INFO: ContentReplace Behavior ::run [ RunTime:0.001126s ]
INFO: TokenBuild Behavior ::run [ RunTime:0.000813s ]
INFO: WriteHtmlCache Behavior ::run [ RunTime:0.000501s ]
INFO: ShowRuntime Behavior ::run [ RunTime:0.000892s ]
INFO: [ view_filter ] --END-- [ RunTime:0.003858s ]
INFO: [ view_end ] --START--
INFO: ShowPageTrace Behavior ::run [ RunTime:0.000958s ]
INFO: [ view_end ] --END-- [ RunTime:0.001139s ]

[ 2014-12-11T21:34:09+08:00 ] 0.0.0.0 /index.php/logina/verify/1418304849069
INFO: [ route_check ] --START--
INFO: CheckRoute Behavior ::run [ RunTime:0.001163s ]
INFO: [ route_check ] --END-- [ RunTime:0.001389s ]
INFO: [ app_begin ] --START--
INFO: ReadHtmlCache Behavior ::run [ RunTime:0.000905s ]
INFO: [ app_begin ] --END-- [ RunTime:0.001082s ]

[ 2014-12-11T21:34:13+08:00 ] 0.0.0.0 /index.php/login/checkLogin.html
INFO: [ route_check ] --START--
INFO: CheckRoute Behavior ::run [ RunTime:0.001193s ]
INFO: [ route_check ] --END-- [ RunTime:0.001414s ]
INFO: [ app_begin ] --START--
INFO: ReadHtmlCache Behavior ::run [ RunTime:0.000894s ]
INFO: [ app_begin ] --END-- [ RunTime:0.001071s ]
SQL: SHOW COLUMNS FROM `wj_member_user` [ RunTime:0.005232s ]
SQL: SELECT * FROM `wj_member_user` WHERE ( `username` = '王英昊' ) AND ( `password` = '96e79218965eb72c92a549dd5a330112' ) LIMIT 1   [ RunTime:0.000673s ]
NOTIC: [8] Undefined index: islock E:\wamp\www\App\Modules\Index\Action\LoginAction.class.php 第 36 行.
INFO: [ view_parse ] --START--
INFO: ParseTemplate Behavior ::run [ RunTime:0.010556s ]
INFO: [ view_parse ] --END-- [ RunTime:0.010740s ]
INFO: [ view_filter ] --START--
INFO: ContentReplace Behavior ::run [ RunTime:0.000656s ]
INFO: TokenBuild Behavior ::run [ RunTime:0.000602s ]
INFO: WriteHtmlCache Behavior ::run [ RunTime:0.000408s ]
INFO: ShowRuntime Behavior ::run [ RunTime:0.000919s ]
INFO: [ view_filter ] --END-- [ RunTime:0.003052s ]
INFO: [ view_end ] --START--
INFO: ShowPageTrace Behavior ::run [ RunTime:0.001212s ]
INFO: [ view_end ] --END-- [ RunTime:0.001412s ]

[ 2014-12-11T21:34:14+08:00 ] 0.0.0.0 /index.php/index/index.html
INFO: [ route_check ] --START--
INFO: CheckRoute Behavior ::run [ RunTime:0.001179s ]
INFO: [ route_check ] --END-- [ RunTime:0.001384s ]
INFO: [ app_begin ] --START--
INFO: ReadHtmlCache Behavior ::run [ RunTime:0.000914s ]
INFO: [ app_begin ] --END-- [ RunTime:0.001089s ]
SQL: SHOW COLUMNS FROM `wj_category` [ RunTime:0.004217s ]
ERR: 1146:Table 'wenjuan.wj_category' doesn't exist
 [ SQL语句 ] : SHOW COLUMNS FROM `wj_category`
SQL: SELECT * FROM `wj_category` WHERE ( isverify=1 and isshow=1 ) LIMIT 5   [ RunTime:0.000890s ]
ERR: 1146:Table 'wenjuan.wj_category' doesn't exist
 [ SQL语句 ] : SELECT * FROM `wj_category` WHERE ( isverify=1 and isshow=1 ) LIMIT 5  
INFO: [ view_parse ] --START--
INFO: ParseTemplate Behavior ::run [ RunTime:0.012230s ]
INFO: [ view_parse ] --END-- [ RunTime:0.012443s ]
INFO: [ view_filter ] --START--
INFO: ContentReplace Behavior ::run [ RunTime:0.000763s ]
INFO: TokenBuild Behavior ::run [ RunTime:0.000771s ]
INFO: WriteHtmlCache Behavior ::run [ RunTime:0.000571s ]
INFO: ShowRuntime Behavior ::run [ RunTime:0.000939s ]
INFO: [ view_filter ] --END-- [ RunTime:0.003506s ]
INFO: [ view_end ] --START--
INFO: ShowPageTrace Behavior ::run [ RunTime:0.001000s ]
INFO: [ view_end ] --END-- [ RunTime:0.001173s ]

[ 2014-12-11T21:35:03+08:00 ] 0.0.0.0 /index.php/index/logina?id=54
INFO: [ route_check ] --START--
INFO: CheckRoute Behavior ::run [ RunTime:0.002147s ]
INFO: [ route_check ] --END-- [ RunTime:0.002500s ]
INFO: [ app_begin ] --START--
INFO: ReadHtmlCache Behavior ::run [ RunTime:0.001229s ]
INFO: [ app_begin ] --END-- [ RunTime:0.001409s ]
INFO: [ view_parse ] --START--
INFO: ParseTemplate Behavior ::run [ RunTime:0.017274s ]
INFO: [ view_parse ] --END-- [ RunTime:0.017548s ]
INFO: [ view_filter ] --START--
INFO: ContentReplace Behavior ::run [ RunTime:0.000953s ]
INFO: TokenBuild Behavior ::run [ RunTime:0.000888s ]
INFO: WriteHtmlCache Behavior ::run [ RunTime:0.000642s ]
INFO: ShowRuntime Behavior ::run [ RunTime:0.001456s ]
INFO: [ view_filter ] --END-- [ RunTime:0.004508s ]
INFO: [ view_end ] --START--
INFO: ShowPageTrace Behavior ::run [ RunTime:0.001588s ]
INFO: [ view_end ] --END-- [ RunTime:0.001797s ]

[ 2014-12-11T21:35:03+08:00 ] 0.0.0.0 /index.php/logina/verify/
INFO: [ route_check ] --START--
INFO: CheckRoute Behavior ::run [ RunTime:0.002598s ]
INFO: [ route_check ] --END-- [ RunTime:0.002889s ]
INFO: [ app_begin ] --START--
INFO: ReadHtmlCache Behavior ::run [ RunTime:0.001967s ]
INFO: [ app_begin ] --END-- [ RunTime:0.002295s ]

[ 2014-12-11T21:35:15+08:00 ] 0.0.0.0 /index.php/logina/checkLogin.html
INFO: [ route_check ] --START--
INFO: CheckRoute Behavior ::run [ RunTime:0.001524s ]
INFO: [ route_check ] --END-- [ RunTime:0.001729s ]
INFO: [ app_begin ] --START--
INFO: ReadHtmlCache Behavior ::run [ RunTime:0.001274s ]
INFO: [ app_begin ] --END-- [ RunTime:0.001495s ]
SQL: SHOW COLUMNS FROM `wj_member_user` [ RunTime:0.004980s ]
SQL: SELECT * FROM `wj_member_user` WHERE ( `username` = '王英昊' ) AND ( `password` = '96e79218965eb72c92a549dd5a330112' ) LIMIT 1   [ RunTime:0.000643s ]
NOTIC: [8] Undefined index: islock E:\wamp\www\App\Modules\Index\Action\LoginaAction.class.php 第 40 行.
INFO: [ view_parse ] --START--
INFO: ParseTemplate Behavior ::run [ RunTime:0.013696s ]
INFO: [ view_parse ] --END-- [ RunTime:0.013953s ]
INFO: [ view_filter ] --START--
INFO: ContentReplace Behavior ::run [ RunTime:0.001094s ]
INFO: TokenBuild Behavior ::run [ RunTime:0.000865s ]
INFO: WriteHtmlCache Behavior ::run [ RunTime:0.000692s ]
INFO: ShowRuntime Behavior ::run [ RunTime:0.001013s ]
INFO: [ view_filter ] --END-- [ RunTime:0.004236s ]
INFO: [ view_end ] --START--
INFO: ShowPageTrace Behavior ::run [ RunTime:0.001097s ]
INFO: [ view_end ] --END-- [ RunTime:0.001254s ]

[ 2014-12-11T21:35:16+08:00 ] 0.0.0.0 /index.php/index/Wj/detials/id/54
INFO: [ route_check ] --START--
INFO: CheckRoute Behavior ::run [ RunTime:0.001191s ]
INFO: [ route_check ] --END-- [ RunTime:0.001374s ]
INFO: [ app_begin ] --START--
INFO: ReadHtmlCache Behavior ::run [ RunTime:0.000963s ]
INFO: [ app_begin ] --END-- [ RunTime:0.001139s ]
SQL: SHOW COLUMNS FROM `wj_category` [ RunTime:0.004105s ]
ERR: 1146:Table 'wenjuan.wj_category' doesn't exist
 [ SQL语句 ] : SHOW COLUMNS FROM `wj_category`
SQL: SELECT * FROM `wj_category` WHERE ( isverify=1 and isshow=1 ) LIMIT 5   [ RunTime:0.000803s ]
ERR: 1146:Table 'wenjuan.wj_category' doesn't exist
 [ SQL语句 ] : SELECT * FROM `wj_category` WHERE ( isverify=1 and isshow=1 ) LIMIT 5  
SQL: SHOW COLUMNS FROM `wj_wenjuan` [ RunTime:0.005203s ]
SQL: SELECT * FROM `wj_wenjuan` WHERE ( id=54 ) LIMIT 1   [ RunTime:0.000652s ]
SQL: SHOW COLUMNS FROM `wj_wenti` [ RunTime:0.005301s ]
SQL: SELECT * FROM `wj_wenti` WHERE ( wenjuanid=54 ) ORDER BY paixu desc  [ RunTime:0.000794s ]
INFO: [ view_parse ] --START--
INFO: ParseTemplate Behavior ::run [ RunTime:0.018170s ]
INFO: [ view_parse ] --END-- [ RunTime:0.018418s ]
INFO: [ view_filter ] --START--
INFO: ContentReplace Behavior ::run [ RunTime:0.000714s ]
INFO: TokenBuild Behavior ::run [ RunTime:0.000852s ]
INFO: WriteHtmlCache Behavior ::run [ RunTime:0.000533s ]
INFO: ShowRuntime Behavior ::run [ RunTime:0.000859s ]
INFO: [ view_filter ] --END-- [ RunTime:0.003520s ]
INFO: [ view_end ] --START--
INFO: ShowPageTrace Behavior ::run [ RunTime:0.000933s ]
INFO: [ view_end ] --END-- [ RunTime:0.001112s ]

[ 2014-12-11T21:38:05+08:00 ] 0.0.0.0 /index.php/index/wj/submit.html
INFO: [ route_check ] --START--
INFO: CheckRoute Behavior ::run [ RunTime:0.001512s ]
INFO: [ route_check ] --END-- [ RunTime:0.001717s ]
INFO: [ app_begin ] --START--
INFO: ReadHtmlCache Behavior ::run [ RunTime:0.001076s ]
INFO: [ app_begin ] --END-- [ RunTime:0.001287s ]
SQL: SHOW COLUMNS FROM `wj_category` [ RunTime:0.004237s ]
ERR: 1146:Table 'wenjuan.wj_category' doesn't exist
 [ SQL语句 ] : SHOW COLUMNS FROM `wj_category`
SQL: SELECT * FROM `wj_category` WHERE ( isverify=1 and isshow=1 ) LIMIT 5   [ RunTime:0.000704s ]
ERR: 1146:Table 'wenjuan.wj_category' doesn't exist
 [ SQL语句 ] : SELECT * FROM `wj_category` WHERE ( isverify=1 and isshow=1 ) LIMIT 5  
SQL: SHOW COLUMNS FROM `wj_wenjuan` [ RunTime:0.005003s ]
SQL: SELECT * FROM `wj_wenjuan` WHERE ( id=54 ) LIMIT 1   [ RunTime:0.000520s ]
SQL: SHOW COLUMNS FROM `wj_wenti` [ RunTime:0.004862s ]
SQL: SELECT * FROM `wj_wenti` WHERE ( wenjuanid=54 ) ORDER BY paixu desc  [ RunTime:0.000565s ]
SQL: SELECT COUNT(*) AS tp_count FROM `wj_wenti` WHERE ( wenjuanid=54 ) LIMIT 1   [ RunTime:0.000372s ]
SQL: SHOW COLUMNS FROM `wj_paiming` [ RunTime:0.047126s ]
SQL: INSERT INTO `wj_paiming` (`wenjuanid`,`dtr`,`dtrid`,`score`) VALUES (54,'王英昊',7,20) [ RunTime:0.052662s ]
INFO: [ view_parse ] --START--
INFO: ParseTemplate Behavior ::run [ RunTime:0.020034s ]
INFO: [ view_parse ] --END-- [ RunTime:0.020244s ]
INFO: [ view_filter ] --START--
INFO: ContentReplace Behavior ::run [ RunTime:0.001800s ]
INFO: TokenBuild Behavior ::run [ RunTime:0.001311s ]
INFO: WriteHtmlCache Behavior ::run [ RunTime:0.001081s ]
INFO: ShowRuntime Behavior ::run [ RunTime:0.001255s ]
INFO: [ view_filter ] --END-- [ RunTime:0.006190s ]
INFO: [ view_end ] --START--
INFO: ShowPageTrace Behavior ::run [ RunTime:0.001121s ]
INFO: [ view_end ] --END-- [ RunTime:0.001284s ]

[ 2014-12-11T21:38:07+08:00 ] 0.0.0.0 /index.php/index/Wj/rank/id/54
INFO: [ route_check ] --START--
INFO: CheckRoute Behavior ::run [ RunTime:0.001234s ]
INFO: [ route_check ] --END-- [ RunTime:0.001408s ]
INFO: [ app_begin ] --START--
INFO: ReadHtmlCache Behavior ::run [ RunTime:0.001387s ]
INFO: [ app_begin ] --END-- [ RunTime:0.001625s ]
SQL: SHOW COLUMNS FROM `wj_category` [ RunTime:0.004964s ]
ERR: 1146:Table 'wenjuan.wj_category' doesn't exist
 [ SQL语句 ] : SHOW COLUMNS FROM `wj_category`
SQL: SELECT * FROM `wj_category` WHERE ( isverify=1 and isshow=1 ) LIMIT 5   [ RunTime:0.000516s ]
ERR: 1146:Table 'wenjuan.wj_category' doesn't exist
 [ SQL语句 ] : SELECT * FROM `wj_category` WHERE ( isverify=1 and isshow=1 ) LIMIT 5  
SQL: SHOW COLUMNS FROM `wj_wenjuan` [ RunTime:0.004598s ]
SQL: SELECT * FROM `wj_wenjuan` WHERE ( id=54 ) LIMIT 1   [ RunTime:0.000715s ]
SQL: SHOW COLUMNS FROM `wj_paiming` [ RunTime:0.006147s ]
SQL: SELECT * FROM `wj_paiming` WHERE ( wenjuanid=54 ) ORDER BY score desc  [ RunTime:0.000712s ]
INFO: [ view_parse ] --START--
INFO: ParseTemplate Behavior ::run [ RunTime:0.016427s ]
INFO: [ view_parse ] --END-- [ RunTime:0.016752s ]
INFO: [ view_filter ] --START--
INFO: ContentReplace Behavior ::run [ RunTime:0.000729s ]
INFO: TokenBuild Behavior ::run [ RunTime:0.000794s ]
INFO: WriteHtmlCache Behavior ::run [ RunTime:0.000575s ]
INFO: ShowRuntime Behavior ::run [ RunTime:0.000915s ]
INFO: [ view_filter ] --END-- [ RunTime:0.003477s ]
INFO: [ view_end ] --START--
INFO: ShowPageTrace Behavior ::run [ RunTime:0.001014s ]
INFO: [ view_end ] --END-- [ RunTime:0.001193s ]

[ 2014-12-11T21:39:33+08:00 ] 0.0.0.0 /index.php/index/Wj/rank/id/54
INFO: [ route_check ] --START--
INFO: CheckRoute Behavior ::run [ RunTime:0.001255s ]
INFO: [ route_check ] --END-- [ RunTime:0.001452s ]
INFO: [ app_begin ] --START--
INFO: ReadHtmlCache Behavior ::run [ RunTime:0.001000s ]
INFO: [ app_begin ] --END-- [ RunTime:0.001164s ]
SQL: SHOW COLUMNS FROM `wj_category` [ RunTime:0.004195s ]
ERR: 1146:Table 'wenjuan.wj_category' doesn't exist
 [ SQL语句 ] : SHOW COLUMNS FROM `wj_category`
SQL: SELECT * FROM `wj_category` WHERE ( isverify=1 and isshow=1 ) LIMIT 5   [ RunTime:0.000836s ]
ERR: 1146:Table 'wenjuan.wj_category' doesn't exist
 [ SQL语句 ] : SELECT * FROM `wj_category` WHERE ( isverify=1 and isshow=1 ) LIMIT 5  
SQL: SHOW COLUMNS FROM `wj_wenjuan` [ RunTime:0.005727s ]
SQL: SELECT * FROM `wj_wenjuan` WHERE ( id=54 ) LIMIT 1   [ RunTime:0.001043s ]
SQL: SHOW COLUMNS FROM `wj_paiming` [ RunTime:0.005139s ]
SQL: SELECT * FROM `wj_paiming` WHERE ( wenjuanid=54 ) ORDER BY score desc  [ RunTime:0.000943s ]
INFO: [ view_parse ] --START--
INFO: ParseTemplate Behavior ::run [ RunTime:0.016146s ]
INFO: [ view_parse ] --END-- [ RunTime:0.016392s ]
INFO: [ view_filter ] --START--
INFO: ContentReplace Behavior ::run [ RunTime:0.000798s ]
INFO: TokenBuild Behavior ::run [ RunTime:0.000797s ]
INFO: WriteHtmlCache Behavior ::run [ RunTime:0.000558s ]
INFO: ShowRuntime Behavior ::run [ RunTime:0.000967s ]
INFO: [ view_filter ] --END-- [ RunTime:0.003659s ]
INFO: [ view_end ] --START--
INFO: ShowPageTrace Behavior ::run [ RunTime:0.001074s ]
INFO: [ view_end ] --END-- [ RunTime:0.001296s ]

[ 2014-12-11T21:40:28+08:00 ] 0.0.0.0 /index.php/index/Wj/rank/id/54
INFO: [ route_check ] --START--
INFO: CheckRoute Behavior ::run [ RunTime:0.001457s ]
INFO: [ route_check ] --END-- [ RunTime:0.001662s ]
INFO: [ app_begin ] --START--
INFO: ReadHtmlCache Behavior ::run [ RunTime:0.001416s ]
INFO: [ app_begin ] --END-- [ RunTime:0.001622s ]
SQL: SHOW COLUMNS FROM `wj_category` [ RunTime:0.004105s ]
ERR: 1146:Table 'wenjuan.wj_category' doesn't exist
 [ SQL语句 ] : SHOW COLUMNS FROM `wj_category`
SQL: SELECT * FROM `wj_category` WHERE ( isverify=1 and isshow=1 ) LIMIT 5   [ RunTime:0.000485s ]
ERR: 1146:Table 'wenjuan.wj_category' doesn't exist
 [ SQL语句 ] : SELECT * FROM `wj_category` WHERE ( isverify=1 and isshow=1 ) LIMIT 5  
SQL: SHOW COLUMNS FROM `wj_wenjuan` [ RunTime:0.004824s ]
SQL: SELECT * FROM `wj_wenjuan` WHERE ( id=54 ) LIMIT 1   [ RunTime:0.000482s ]
SQL: SHOW COLUMNS FROM `wj_paiming` [ RunTime:0.004742s ]
SQL: SELECT * FROM `wj_paiming` WHERE ( wenjuanid=54 ) ORDER BY score desc  [ RunTime:0.000770s ]
INFO: [ view_parse ] --START--
INFO: ParseTemplate Behavior ::run [ RunTime:0.016948s ]
INFO: [ view_parse ] --END-- [ RunTime:0.017151s ]
INFO: [ view_filter ] --START--
INFO: ContentReplace Behavior ::run [ RunTime:0.000929s ]
INFO: TokenBuild Behavior ::run [ RunTime:0.000918s ]
INFO: WriteHtmlCache Behavior ::run [ RunTime:0.000717s ]
INFO: ShowRuntime Behavior ::run [ RunTime:0.001305s ]
INFO: [ view_filter ] --END-- [ RunTime:0.004384s ]
INFO: [ view_end ] --START--
INFO: ShowPageTrace Behavior ::run [ RunTime:0.001264s ]
INFO: [ view_end ] --END-- [ RunTime:0.001447s ]

[ 2014-12-11T21:42:06+08:00 ] 0.0.0.0 /index.php/member/fabu
INFO: [ route_check ] --START--
INFO: CheckRoute Behavior ::run [ RunTime:0.001580s ]
INFO: [ route_check ] --END-- [ RunTime:0.001793s ]
INFO: [ app_begin ] --START--
INFO: ReadHtmlCache Behavior ::run [ RunTime:0.001260s ]
INFO: [ app_begin ] --END-- [ RunTime:0.001468s ]
SQL: SHOW COLUMNS FROM `wj_category` [ RunTime:0.005476s ]
ERR: 1146:Table 'wenjuan.wj_category' doesn't exist
 [ SQL语句 ] : SHOW COLUMNS FROM `wj_category`
SQL: SELECT * FROM `wj_category` WHERE ( isverify=1 and isshow=1 ) LIMIT 5   [ RunTime:0.000670s ]
ERR: 1146:Table 'wenjuan.wj_category' doesn't exist
 [ SQL语句 ] : SELECT * FROM `wj_category` WHERE ( isverify=1 and isshow=1 ) LIMIT 5  
SQL: SHOW COLUMNS FROM `wj_article` [ RunTime:0.006467s ]
ERR: 1146:Table 'wenjuan.wj_article' doesn't exist
 [ SQL语句 ] : SHOW COLUMNS FROM `wj_article`
SQL: SELECT * FROM `wj_article` WHERE ( ispush=1 and islock=0 ) ORDER BY rand() LIMIT 5   [ RunTime:0.043455s ]
ERR: 1146:Table 'wenjuan.wj_article' doesn't exist
 [ SQL语句 ] : SELECT * FROM `wj_article` WHERE ( ispush=1 and islock=0 ) ORDER BY rand() LIMIT 5  
INFO: [ view_parse ] --START--
INFO: ParseTemplate Behavior ::run [ RunTime:0.175847s ]
INFO: [ view_parse ] --END-- [ RunTime:0.176137s ]
INFO: [ view_filter ] --START--
INFO: ContentReplace Behavior ::run [ RunTime:0.001193s ]
INFO: TokenBuild Behavior ::run [ RunTime:0.000945s ]
INFO: WriteHtmlCache Behavior ::run [ RunTime:0.000610s ]
INFO: ShowRuntime Behavior ::run [ RunTime:0.000974s ]
INFO: [ view_filter ] --END-- [ RunTime:0.004222s ]
INFO: [ view_end ] --START--
INFO: ShowPageTrace Behavior ::run [ RunTime:0.001082s ]
INFO: [ view_end ] --END-- [ RunTime:0.001318s ]

[ 2014-12-11T21:42:08+08:00 ] 0.0.0.0 /index.php/index/wj
INFO: [ route_check ] --START--
INFO: CheckRoute Behavior ::run [ RunTime:0.001200s ]
INFO: [ route_check ] --END-- [ RunTime:0.001405s ]
INFO: [ app_begin ] --START--
INFO: ReadHtmlCache Behavior ::run [ RunTime:0.000986s ]
INFO: [ app_begin ] --END-- [ RunTime:0.001196s ]
SQL: SHOW COLUMNS FROM `wj_category` [ RunTime:0.004087s ]
ERR: 1146:Table 'wenjuan.wj_category' doesn't exist
 [ SQL语句 ] : SHOW COLUMNS FROM `wj_category`
SQL: SELECT * FROM `wj_category` WHERE ( isverify=1 and isshow=1 ) LIMIT 5   [ RunTime:0.000656s ]
ERR: 1146:Table 'wenjuan.wj_category' doesn't exist
 [ SQL语句 ] : SELECT * FROM `wj_category` WHERE ( isverify=1 and isshow=1 ) LIMIT 5  
SQL: SHOW COLUMNS FROM `wj_wenjuan` [ RunTime:0.005472s ]
SQL: SELECT * FROM `wj_wenjuan` WHERE ( fbr='王英昊' ) ORDER BY id desc  [ RunTime:0.000863s ]
INFO: [ view_parse ] --START--
INFO: ParseTemplate Behavior ::run [ RunTime:0.016301s ]
INFO: [ view_parse ] --END-- [ RunTime:0.016530s ]
INFO: [ view_filter ] --START--
INFO: ContentReplace Behavior ::run [ RunTime:0.000769s ]
INFO: TokenBuild Behavior ::run [ RunTime:0.000748s ]
INFO: WriteHtmlCache Behavior ::run [ RunTime:0.000403s ]
INFO: ShowRuntime Behavior ::run [ RunTime:0.000990s ]
INFO: [ view_filter ] --END-- [ RunTime:0.003414s ]
INFO: [ view_end ] --START--
INFO: ShowPageTrace Behavior ::run [ RunTime:0.000914s ]
INFO: [ view_end ] --END-- [ RunTime:0.001111s ]

[ 2014-12-11T21:42:10+08:00 ] 0.0.0.0 /index.php/index/Wj/detials/id/54
INFO: [ route_check ] --START--
INFO: CheckRoute Behavior ::run [ RunTime:0.001251s ]
INFO: [ route_check ] --END-- [ RunTime:0.001460s ]
INFO: [ app_begin ] --START--
INFO: ReadHtmlCache Behavior ::run [ RunTime:0.000987s ]
INFO: [ app_begin ] --END-- [ RunTime:0.001164s ]
SQL: SHOW COLUMNS FROM `wj_category` [ RunTime:0.004159s ]
ERR: 1146:Table 'wenjuan.wj_category' doesn't exist
 [ SQL语句 ] : SHOW COLUMNS FROM `wj_category`
SQL: SELECT * FROM `wj_category` WHERE ( isverify=1 and isshow=1 ) LIMIT 5   [ RunTime:0.000754s ]
ERR: 1146:Table 'wenjuan.wj_category' doesn't exist
 [ SQL语句 ] : SELECT * FROM `wj_category` WHERE ( isverify=1 and isshow=1 ) LIMIT 5  
SQL: SHOW COLUMNS FROM `wj_wenjuan` [ RunTime:0.005299s ]
SQL: SELECT * FROM `wj_wenjuan` WHERE ( id=54 ) LIMIT 1   [ RunTime:0.000707s ]
SQL: SHOW COLUMNS FROM `wj_wenti` [ RunTime:0.005415s ]
SQL: SELECT * FROM `wj_wenti` WHERE ( wenjuanid=54 ) ORDER BY paixu desc  [ RunTime:0.000717s ]
INFO: [ view_parse ] --START--
INFO: ParseTemplate Behavior ::run [ RunTime:0.018736s ]
INFO: [ view_parse ] --END-- [ RunTime:0.018973s ]
INFO: [ view_filter ] --START--
INFO: ContentReplace Behavior ::run [ RunTime:0.000925s ]
INFO: TokenBuild Behavior ::run [ RunTime:0.001028s ]
INFO: WriteHtmlCache Behavior ::run [ RunTime:0.000876s ]
INFO: ShowRuntime Behavior ::run [ RunTime:0.001203s ]
INFO: [ view_filter ] --END-- [ RunTime:0.004718s ]
INFO: [ view_end ] --START--
INFO: ShowPageTrace Behavior ::run [ RunTime:0.001014s ]
INFO: [ view_end ] --END-- [ RunTime:0.001205s ]

[ 2014-12-11T21:46:53+08:00 ] 0.0.0.0 /index.php/index/Wj/detials/id/54
INFO: [ route_check ] --START--
INFO: CheckRoute Behavior ::run [ RunTime:0.002005s ]
INFO: [ route_check ] --END-- [ RunTime:0.002247s ]
INFO: [ app_begin ] --START--
INFO: ReadHtmlCache Behavior ::run [ RunTime:0.001749s ]
INFO: [ app_begin ] --END-- [ RunTime:0.001962s ]

[ 2014-12-11T21:46:54+08:00 ] 0.0.0.0 /index.php/index/Wj/detials/id/54
INFO: [ route_check ] --START--
INFO: CheckRoute Behavior ::run [ RunTime:0.002117s ]
INFO: [ route_check ] --END-- [ RunTime:0.002398s ]
INFO: [ app_begin ] --START--
INFO: ReadHtmlCache Behavior ::run [ RunTime:0.001696s ]
INFO: [ app_begin ] --END-- [ RunTime:0.001934s ]

[ 2014-12-11T21:46:55+08:00 ] 0.0.0.0 /index.php/index/Wj/detials/id/54
INFO: [ route_check ] --START--
INFO: CheckRoute Behavior ::run [ RunTime:0.001946s ]
INFO: [ route_check ] --END-- [ RunTime:0.002216s ]
INFO: [ app_begin ] --START--
INFO: ReadHtmlCache Behavior ::run [ RunTime:0.001702s ]
INFO: [ app_begin ] --END-- [ RunTime:0.001932s ]

[ 2014-12-11T21:46:56+08:00 ] 0.0.0.0 /index.php/index/Wj/detials/id/54
INFO: [ route_check ] --START--
INFO: CheckRoute Behavior ::run [ RunTime:0.001914s ]
INFO: [ route_check ] --END-- [ RunTime:0.002142s ]
INFO: [ app_begin ] --START--
INFO: ReadHtmlCache Behavior ::run [ RunTime:0.001722s ]
INFO: [ app_begin ] --END-- [ RunTime:0.001933s ]

[ 2014-12-11T21:47:40+08:00 ] 0.0.0.0 /index.php/index/Wj/detials/id/54
INFO: [ route_check ] --START--
INFO: CheckRoute Behavior ::run [ RunTime:0.001493s ]
INFO: [ route_check ] --END-- [ RunTime:0.001744s ]
INFO: [ app_begin ] --START--
INFO: ReadHtmlCache Behavior ::run [ RunTime:0.001067s ]
INFO: [ app_begin ] --END-- [ RunTime:0.001280s ]

[ 2014-12-11T21:48:04+08:00 ] 0.0.0.0 /index.php/index/Wj/detials/id/54
INFO: [ route_check ] --START--
INFO: CheckRoute Behavior ::run [ RunTime:0.001981s ]
INFO: [ route_check ] --END-- [ RunTime:0.002245s ]
INFO: [ app_begin ] --START--
INFO: ReadHtmlCache Behavior ::run [ RunTime:0.001663s ]
INFO: [ app_begin ] --END-- [ RunTime:0.001892s ]
SQL: SHOW COLUMNS FROM `wj_category` [ RunTime:0.004448s ]
ERR: 1146:Table 'wenjuan.wj_category' doesn't exist
 [ SQL语句 ] : SHOW COLUMNS FROM `wj_category`
SQL: SELECT * FROM `wj_category` WHERE ( isverify=1 and isshow=1 ) LIMIT 5   [ RunTime:0.000856s ]
ERR: 1146:Table 'wenjuan.wj_category' doesn't exist
 [ SQL语句 ] : SELECT * FROM `wj_category` WHERE ( isverify=1 and isshow=1 ) LIMIT 5  
SQL: SHOW COLUMNS FROM `wj_wenjuan` [ RunTime:0.005317s ]
SQL: SELECT * FROM `wj_wenjuan` WHERE ( id=54 ) LIMIT 1   [ RunTime:0.000536s ]
SQL: SHOW COLUMNS FROM `wj_wenti` [ RunTime:0.005448s ]
SQL: SELECT * FROM `wj_wenti` WHERE ( wenjuanid=54 ) ORDER BY paixu desc  [ RunTime:0.000526s ]
INFO: [ view_parse ] --START--
INFO: ParseTemplate Behavior ::run [ RunTime:0.023308s ]
INFO: [ view_parse ] --END-- [ RunTime:0.023596s ]
INFO: [ view_filter ] --START--
INFO: ContentReplace Behavior ::run [ RunTime:0.001523s ]
INFO: TokenBuild Behavior ::run [ RunTime:0.001534s ]
INFO: WriteHtmlCache Behavior ::run [ RunTime:0.001188s ]
INFO: ShowRuntime Behavior ::run [ RunTime:0.001860s ]
INFO: [ view_filter ] --END-- [ RunTime:0.006844s ]
INFO: [ view_end ] --START--
INFO: ShowPageTrace Behavior ::run [ RunTime:0.001559s ]
INFO: [ view_end ] --END-- [ RunTime:0.001803s ]

[ 2014-12-11T21:48:06+08:00 ] 0.0.0.0 /index.php/index/wj/submit.html
INFO: [ route_check ] --START--
INFO: CheckRoute Behavior ::run [ RunTime:0.001914s ]
INFO: [ route_check ] --END-- [ RunTime:0.002152s ]
INFO: [ app_begin ] --START--
INFO: ReadHtmlCache Behavior ::run [ RunTime:0.002866s ]
INFO: [ app_begin ] --END-- [ RunTime:0.003197s ]
SQL: SHOW COLUMNS FROM `wj_category` [ RunTime:0.004375s ]
ERR: 1146:Table 'wenjuan.wj_category' doesn't exist
 [ SQL语句 ] : SHOW COLUMNS FROM `wj_category`
SQL: SELECT * FROM `wj_category` WHERE ( isverify=1 and isshow=1 ) LIMIT 5   [ RunTime:0.000613s ]
ERR: 1146:Table 'wenjuan.wj_category' doesn't exist
 [ SQL语句 ] : SELECT * FROM `wj_category` WHERE ( isverify=1 and isshow=1 ) LIMIT 5  
SQL: SHOW COLUMNS FROM `wj_wenjuan` [ RunTime:0.005732s ]
SQL: SELECT * FROM `wj_wenjuan` WHERE ( id=54 ) LIMIT 1   [ RunTime:0.000710s ]
SQL: SHOW COLUMNS FROM `wj_wenti` [ RunTime:0.005633s ]
SQL: SELECT * FROM `wj_wenti` WHERE ( wenjuanid=54 ) ORDER BY paixu desc  [ RunTime:0.000833s ]
SQL: SELECT COUNT(*) AS tp_count FROM `wj_wenti` WHERE ( wenjuanid=54 ) LIMIT 1   [ RunTime:0.000590s ]
SQL: SHOW COLUMNS FROM `wj_paiming` [ RunTime:0.005402s ]
SQL: SELECT * FROM `wj_paiming` WHERE ( dtrid =7  ) LIMIT 1   [ RunTime:0.000667s ]
INFO: [ view_parse ] --START--
NOTIC: [8] Undefined variable: message E:\wamp\www\App\Runtime\Cache\Index\24777e7b674573a34716158025d044d7.php 第 19 行.
INFO: ParseTemplate Behavior ::run [ RunTime:0.016837s ]
INFO: [ view_parse ] --END-- [ RunTime:0.017053s ]
INFO: [ view_filter ] --START--
INFO: ContentReplace Behavior ::run [ RunTime:0.001654s ]
INFO: TokenBuild Behavior ::run [ RunTime:0.001694s ]
INFO: WriteHtmlCache Behavior ::run [ RunTime:0.001122s ]
INFO: ShowRuntime Behavior ::run [ RunTime:0.001286s ]
INFO: [ view_filter ] --END-- [ RunTime:0.006362s ]
INFO: [ view_end ] --START--
INFO: ShowPageTrace Behavior ::run [ RunTime:0.001494s ]
INFO: [ view_end ] --END-- [ RunTime:0.001693s ]

[ 2014-12-11T21:48:16+08:00 ] 0.0.0.0 /index.php/index/wj/submit.html
INFO: [ route_check ] --START--
INFO: CheckRoute Behavior ::run [ RunTime:0.002376s ]
INFO: [ route_check ] --END-- [ RunTime:0.002630s ]
INFO: [ app_begin ] --START--
INFO: ReadHtmlCache Behavior ::run [ RunTime:0.001861s ]
INFO: [ app_begin ] --END-- [ RunTime:0.002048s ]
SQL: SHOW COLUMNS FROM `wj_category` [ RunTime:0.004390s ]
ERR: 1146:Table 'wenjuan.wj_category' doesn't exist
 [ SQL语句 ] : SHOW COLUMNS FROM `wj_category`
SQL: SELECT * FROM `wj_category` WHERE ( isverify=1 and isshow=1 ) LIMIT 5   [ RunTime:0.000485s ]
ERR: 1146:Table 'wenjuan.wj_category' doesn't exist
 [ SQL语句 ] : SELECT * FROM `wj_category` WHERE ( isverify=1 and isshow=1 ) LIMIT 5  
SQL: SHOW COLUMNS FROM `wj_wenjuan` [ RunTime:0.005121s ]
SQL: SELECT * FROM `wj_wenjuan` WHERE ( id=54 ) LIMIT 1   [ RunTime:0.000464s ]
SQL: SHOW COLUMNS FROM `wj_wenti` [ RunTime:0.004811s ]
SQL: SELECT * FROM `wj_wenti` WHERE ( wenjuanid=54 ) ORDER BY paixu desc  [ RunTime:0.000581s ]
SQL: SELECT COUNT(*) AS tp_count FROM `wj_wenti` WHERE ( wenjuanid=54 ) LIMIT 1   [ RunTime:0.000326s ]
SQL: SHOW COLUMNS FROM `wj_paiming` [ RunTime:0.007040s ]
SQL: SELECT * FROM `wj_paiming` WHERE ( dtrid =7  ) LIMIT 1   [ RunTime:0.000753s ]
INFO: [ view_parse ] --START--
NOTIC: [8] Undefined variable: message E:\wamp\www\App\Runtime\Cache\Index\24777e7b674573a34716158025d044d7.php 第 19 行.
INFO: ParseTemplate Behavior ::run [ RunTime:0.017651s ]
INFO: [ view_parse ] --END-- [ RunTime:0.017865s ]
INFO: [ view_filter ] --START--
INFO: ContentReplace Behavior ::run [ RunTime:0.002231s ]
INFO: TokenBuild Behavior ::run [ RunTime:0.002080s ]
INFO: WriteHtmlCache Behavior ::run [ RunTime:0.001639s ]
INFO: ShowRuntime Behavior ::run [ RunTime:0.001904s ]
INFO: [ view_filter ] --END-- [ RunTime:0.008675s ]
INFO: [ view_end ] --START--
INFO: ShowPageTrace Behavior ::run [ RunTime:0.002234s ]
INFO: [ view_end ] --END-- [ RunTime:0.002501s ]

[ 2014-12-11T21:48:36+08:00 ] 0.0.0.0 /index.php/index/wj/submit.html
INFO: [ route_check ] --START--
INFO: CheckRoute Behavior ::run [ RunTime:0.001872s ]
INFO: [ route_check ] --END-- [ RunTime:0.002071s ]
INFO: [ app_begin ] --START--
INFO: ReadHtmlCache Behavior ::run [ RunTime:0.001887s ]
INFO: [ app_begin ] --END-- [ RunTime:0.002085s ]
SQL: SHOW COLUMNS FROM `wj_category` [ RunTime:0.004311s ]
ERR: 1146:Table 'wenjuan.wj_category' doesn't exist
 [ SQL语句 ] : SHOW COLUMNS FROM `wj_category`
SQL: SELECT * FROM `wj_category` WHERE ( isverify=1 and isshow=1 ) LIMIT 5   [ RunTime:0.000401s ]
ERR: 1146:Table 'wenjuan.wj_category' doesn't exist
 [ SQL语句 ] : SELECT * FROM `wj_category` WHERE ( isverify=1 and isshow=1 ) LIMIT 5  
SQL: SHOW COLUMNS FROM `wj_wenjuan` [ RunTime:0.004584s ]
SQL: SELECT * FROM `wj_wenjuan` WHERE ( id=54 ) LIMIT 1   [ RunTime:0.000655s ]
SQL: SHOW COLUMNS FROM `wj_wenti` [ RunTime:0.005336s ]
SQL: SELECT * FROM `wj_wenti` WHERE ( wenjuanid=54 ) ORDER BY paixu desc  [ RunTime:0.000590s ]
SQL: SELECT COUNT(*) AS tp_count FROM `wj_wenti` WHERE ( wenjuanid=54 ) LIMIT 1   [ RunTime:0.000354s ]
SQL: SHOW COLUMNS FROM `wj_paiming` [ RunTime:0.004779s ]
SQL: SELECT * FROM `wj_paiming` WHERE ( dtrid =7  ) LIMIT 1   [ RunTime:0.000465s ]
SQL: INSERT INTO `wj_paiming` (`wenjuanid`,`dtr`,`dtrid`,`score`) VALUES (54,'王英昊',7,20) [ RunTime:0.086924s ]
INFO: [ view_parse ] --START--
INFO: ParseTemplate Behavior ::run [ RunTime:0.022297s ]
INFO: [ view_parse ] --END-- [ RunTime:0.022558s ]
INFO: [ view_filter ] --START--
INFO: ContentReplace Behavior ::run [ RunTime:0.001262s ]
INFO: TokenBuild Behavior ::run [ RunTime:0.001163s ]
INFO: WriteHtmlCache Behavior ::run [ RunTime:0.001006s ]
INFO: ShowRuntime Behavior ::run [ RunTime:0.001418s ]
INFO: [ view_filter ] --END-- [ RunTime:0.005350s ]
INFO: [ view_end ] --START--
INFO: ShowPageTrace Behavior ::run [ RunTime:0.001384s ]
INFO: [ view_end ] --END-- [ RunTime:0.001548s ]

[ 2014-12-11T21:48:42+08:00 ] 0.0.0.0 /index.php/index/wj/submit.html
INFO: [ route_check ] --START--
INFO: CheckRoute Behavior ::run [ RunTime:0.001769s ]
INFO: [ route_check ] --END-- [ RunTime:0.002010s ]
INFO: [ app_begin ] --START--
INFO: ReadHtmlCache Behavior ::run [ RunTime:0.001628s ]
INFO: [ app_begin ] --END-- [ RunTime:0.001842s ]
SQL: SHOW COLUMNS FROM `wj_category` [ RunTime:0.004684s ]
ERR: 1146:Table 'wenjuan.wj_category' doesn't exist
 [ SQL语句 ] : SHOW COLUMNS FROM `wj_category`
SQL: SELECT * FROM `wj_category` WHERE ( isverify=1 and isshow=1 ) LIMIT 5   [ RunTime:0.001061s ]
ERR: 1146:Table 'wenjuan.wj_category' doesn't exist
 [ SQL语句 ] : SELECT * FROM `wj_category` WHERE ( isverify=1 and isshow=1 ) LIMIT 5  
SQL: SHOW COLUMNS FROM `wj_wenjuan` [ RunTime:0.005422s ]
SQL: SELECT * FROM `wj_wenjuan` WHERE ( id=54 ) LIMIT 1   [ RunTime:0.000808s ]
SQL: SHOW COLUMNS FROM `wj_wenti` [ RunTime:0.005175s ]
SQL: SELECT * FROM `wj_wenti` WHERE ( wenjuanid=54 ) ORDER BY paixu desc  [ RunTime:0.000755s ]
SQL: SELECT COUNT(*) AS tp_count FROM `wj_wenti` WHERE ( wenjuanid=54 ) LIMIT 1   [ RunTime:0.000702s ]
SQL: SHOW COLUMNS FROM `wj_paiming` [ RunTime:0.005393s ]
SQL: SELECT * FROM `wj_paiming` WHERE ( dtrid =7  ) LIMIT 1   [ RunTime:0.000730s ]
INFO: [ view_parse ] --START--
NOTIC: [8] Undefined variable: message E:\wamp\www\App\Runtime\Cache\Index\24777e7b674573a34716158025d044d7.php 第 19 行.
INFO: ParseTemplate Behavior ::run [ RunTime:0.015687s ]
INFO: [ view_parse ] --END-- [ RunTime:0.015915s ]
INFO: [ view_filter ] --START--
INFO: ContentReplace Behavior ::run [ RunTime:0.001237s ]
INFO: TokenBuild Behavior ::run [ RunTime:0.001777s ]
INFO: WriteHtmlCache Behavior ::run [ RunTime:0.002249s ]
INFO: ShowRuntime Behavior ::run [ RunTime:0.001635s ]
INFO: [ view_filter ] --END-- [ RunTime:0.007544s ]
INFO: [ view_end ] --START--
INFO: ShowPageTrace Behavior ::run [ RunTime:0.001638s ]
INFO: [ view_end ] --END-- [ RunTime:0.001844s ]

[ 2014-12-11T21:49:03+08:00 ] 0.0.0.0 /index.php/index/wj/submit.html
INFO: [ route_check ] --START--
INFO: CheckRoute Behavior ::run [ RunTime:0.002148s ]
INFO: [ route_check ] --END-- [ RunTime:0.002408s ]
INFO: [ app_begin ] --START--
INFO: ReadHtmlCache Behavior ::run [ RunTime:0.001581s ]
INFO: [ app_begin ] --END-- [ RunTime:0.001775s ]
SQL: SHOW COLUMNS FROM `wj_category` [ RunTime:0.004016s ]
ERR: 1146:Table 'wenjuan.wj_category' doesn't exist
 [ SQL语句 ] : SHOW COLUMNS FROM `wj_category`
SQL: SELECT * FROM `wj_category` WHERE ( isverify=1 and isshow=1 ) LIMIT 5   [ RunTime:0.000903s ]
ERR: 1146:Table 'wenjuan.wj_category' doesn't exist
 [ SQL语句 ] : SELECT * FROM `wj_category` WHERE ( isverify=1 and isshow=1 ) LIMIT 5  
SQL: SHOW COLUMNS FROM `wj_wenjuan` [ RunTime:0.005130s ]
SQL: SELECT * FROM `wj_wenjuan` WHERE ( id=54 ) LIMIT 1   [ RunTime:0.000573s ]
SQL: SHOW COLUMNS FROM `wj_wenti` [ RunTime:0.005068s ]
SQL: SELECT * FROM `wj_wenti` WHERE ( wenjuanid=54 ) ORDER BY paixu desc  [ RunTime:0.000765s ]
SQL: SELECT COUNT(*) AS tp_count FROM `wj_wenti` WHERE ( wenjuanid=54 ) LIMIT 1   [ RunTime:0.000648s ]
SQL: SHOW COLUMNS FROM `wj_paiming` [ RunTime:0.004982s ]
SQL: SELECT * FROM `wj_paiming` WHERE ( dtrid =7  ) LIMIT 1   [ RunTime:0.000816s ]
SQL: INSERT INTO `wj_paiming` (`wenjuanid`,`dtr`,`dtrid`,`score`) VALUES (54,'王英昊',7,20) [ RunTime:0.069384s ]
INFO: [ view_parse ] --START--
INFO: ParseTemplate Behavior ::run [ RunTime:0.021300s ]
INFO: [ view_parse ] --END-- [ RunTime:0.021505s ]
INFO: [ view_filter ] --START--
INFO: ContentReplace Behavior ::run [ RunTime:0.001181s ]
INFO: TokenBuild Behavior ::run [ RunTime:0.001277s ]
INFO: WriteHtmlCache Behavior ::run [ RunTime:0.001012s ]
INFO: ShowRuntime Behavior ::run [ RunTime:0.001278s ]
INFO: [ view_filter ] --END-- [ RunTime:0.005220s ]
INFO: [ view_end ] --START--
INFO: ShowPageTrace Behavior ::run [ RunTime:0.001451s ]
INFO: [ view_end ] --END-- [ RunTime:0.001625s ]

[ 2014-12-11T21:54:15+08:00 ] 0.0.0.0 /index.php/index/Wj/detials/id/54
INFO: [ route_check ] --START--
INFO: CheckRoute Behavior ::run [ RunTime:0.001888s ]
INFO: [ route_check ] --END-- [ RunTime:0.002123s ]
INFO: [ app_begin ] --START--
INFO: ReadHtmlCache Behavior ::run [ RunTime:0.001423s ]
INFO: [ app_begin ] --END-- [ RunTime:0.001606s ]
SQL: SHOW COLUMNS FROM `wj_category` [ RunTime:0.003983s ]
ERR: 1146:Table 'wenjuan.wj_category' doesn't exist
 [ SQL语句 ] : SHOW COLUMNS FROM `wj_category`
SQL: SELECT * FROM `wj_category` WHERE ( isverify=1 and isshow=1 ) LIMIT 5   [ RunTime:0.000423s ]
ERR: 1146:Table 'wenjuan.wj_category' doesn't exist
 [ SQL语句 ] : SELECT * FROM `wj_category` WHERE ( isverify=1 and isshow=1 ) LIMIT 5  
SQL: SHOW COLUMNS FROM `wj_wenjuan` [ RunTime:0.004970s ]
SQL: SELECT * FROM `wj_wenjuan` WHERE ( id=54 ) LIMIT 1   [ RunTime:0.000514s ]
SQL: SHOW COLUMNS FROM `wj_wenti` [ RunTime:0.005162s ]
SQL: SELECT * FROM `wj_wenti` WHERE ( wenjuanid=54 ) ORDER BY paixu desc  [ RunTime:0.000565s ]
INFO: [ view_parse ] --START--
INFO: ParseTemplate Behavior ::run [ RunTime:0.020808s ]
INFO: [ view_parse ] --END-- [ RunTime:0.021012s ]
INFO: [ view_filter ] --START--
INFO: ContentReplace Behavior ::run [ RunTime:0.001210s ]
INFO: TokenBuild Behavior ::run [ RunTime:0.001237s ]
INFO: WriteHtmlCache Behavior ::run [ RunTime:0.000957s ]
INFO: ShowRuntime Behavior ::run [ RunTime:0.001446s ]
INFO: [ view_filter ] --END-- [ RunTime:0.005337s ]
INFO: [ view_end ] --START--
INFO: ShowPageTrace Behavior ::run [ RunTime:0.001554s ]
INFO: [ view_end ] --END-- [ RunTime:0.001797s ]

[ 2014-12-11T21:54:17+08:00 ] 0.0.0.0 /index.php/index/login/doLogout
INFO: [ route_check ] --START--
INFO: CheckRoute Behavior ::run [ RunTime:0.001792s ]
INFO: [ route_check ] --END-- [ RunTime:0.002036s ]
INFO: [ app_begin ] --START--
INFO: ReadHtmlCache Behavior ::run [ RunTime:0.001538s ]
INFO: [ app_begin ] --END-- [ RunTime:0.001737s ]
INFO: [ view_parse ] --START--
INFO: ParseTemplate Behavior ::run [ RunTime:0.014569s ]
INFO: [ view_parse ] --END-- [ RunTime:0.014780s ]
INFO: [ view_filter ] --START--
INFO: ContentReplace Behavior ::run [ RunTime:0.001365s ]
INFO: TokenBuild Behavior ::run [ RunTime:0.001294s ]
INFO: WriteHtmlCache Behavior ::run [ RunTime:0.001016s ]
INFO: ShowRuntime Behavior ::run [ RunTime:0.001279s ]
INFO: [ view_filter ] --END-- [ RunTime:0.005493s ]
INFO: [ view_end ] --START--
INFO: ShowPageTrace Behavior ::run [ RunTime:0.001423s ]
INFO: [ view_end ] --END-- [ RunTime:0.001589s ]

[ 2014-12-11T21:54:18+08:00 ] 0.0.0.0 /index.php/index/index/index.html
INFO: [ route_check ] --START--
INFO: CheckRoute Behavior ::run [ RunTime:0.001882s ]
INFO: [ route_check ] --END-- [ RunTime:0.002149s ]
INFO: [ app_begin ] --START--
INFO: ReadHtmlCache Behavior ::run [ RunTime:0.001896s ]
INFO: [ app_begin ] --END-- [ RunTime:0.002219s ]
SQL: SHOW COLUMNS FROM `wj_category` [ RunTime:0.004460s ]
ERR: 1146:Table 'wenjuan.wj_category' doesn't exist
 [ SQL语句 ] : SHOW COLUMNS FROM `wj_category`
SQL: SELECT * FROM `wj_category` WHERE ( isverify=1 and isshow=1 ) LIMIT 5   [ RunTime:0.000538s ]
ERR: 1146:Table 'wenjuan.wj_category' doesn't exist
 [ SQL语句 ] : SELECT * FROM `wj_category` WHERE ( isverify=1 and isshow=1 ) LIMIT 5  
INFO: [ view_parse ] --START--
NOTIC: [8] Undefined index: username E:\wamp\www\App\Runtime\Cache\Index\35df0d61bb9b2cf03f64104eb4a2e1e8.php 第 27 行.
INFO: ParseTemplate Behavior ::run [ RunTime:0.016207s ]
INFO: [ view_parse ] --END-- [ RunTime:0.016432s ]
INFO: [ view_filter ] --START--
INFO: ContentReplace Behavior ::run [ RunTime:0.001085s ]
INFO: TokenBuild Behavior ::run [ RunTime:0.001064s ]
INFO: WriteHtmlCache Behavior ::run [ RunTime:0.000808s ]
INFO: ShowRuntime Behavior ::run [ RunTime:0.001295s ]
INFO: [ view_filter ] --END-- [ RunTime:0.004911s ]
INFO: [ view_end ] --START--
INFO: ShowPageTrace Behavior ::run [ RunTime:0.001802s ]
INFO: [ view_end ] --END-- [ RunTime:0.002061s ]

[ 2014-12-11T22:20:42+08:00 ] 0.0.0.0 /
INFO: [ app_begin ] --START--
INFO: ReadHtmlCache Behavior ::run [ RunTime:0.002168s ]
INFO: [ app_begin ] --END-- [ RunTime:0.002470s ]
SQL: SHOW COLUMNS FROM `wj_category` [ RunTime:0.006339s ]
ERR: 1146:Table 'wenjuan.wj_category' doesn't exist
 [ SQL语句 ] : SHOW COLUMNS FROM `wj_category`
SQL: SELECT * FROM `wj_category` WHERE ( isverify=1 and isshow=1 ) LIMIT 5   [ RunTime:0.000797s ]
ERR: 1146:Table 'wenjuan.wj_category' doesn't exist
 [ SQL语句 ] : SELECT * FROM `wj_category` WHERE ( isverify=1 and isshow=1 ) LIMIT 5  
INFO: [ view_parse ] --START--
NOTIC: [8] Undefined index: username E:\wamp\www\App\Runtime\Cache\Index\35df0d61bb9b2cf03f64104eb4a2e1e8.php 第 27 行.
INFO: ParseTemplate Behavior ::run [ RunTime:0.017992s ]
INFO: [ view_parse ] --END-- [ RunTime:0.018243s ]
INFO: [ view_filter ] --START--
INFO: ContentReplace Behavior ::run [ RunTime:0.001532s ]
INFO: TokenBuild Behavior ::run [ RunTime:0.001407s ]
INFO: WriteHtmlCache Behavior ::run [ RunTime:0.000969s ]
INFO: ShowRuntime Behavior ::run [ RunTime:0.001308s ]
INFO: [ view_filter ] --END-- [ RunTime:0.005841s ]
INFO: [ view_end ] --START--
INFO: ShowPageTrace Behavior ::run [ RunTime:0.001624s ]
INFO: [ view_end ] --END-- [ RunTime:0.001810s ]

[ 2014-12-11T22:20:44+08:00 ] 0.0.0.0 /index.php/index/login
INFO: [ route_check ] --START--
INFO: CheckRoute Behavior ::run [ RunTime:0.001864s ]
INFO: [ route_check ] --END-- [ RunTime:0.002150s ]
INFO: [ app_begin ] --START--
INFO: ReadHtmlCache Behavior ::run [ RunTime:0.002101s ]
INFO: [ app_begin ] --END-- [ RunTime:0.002380s ]
INFO: [ view_parse ] --START--
INFO: ParseTemplate Behavior ::run [ RunTime:0.021628s ]
INFO: [ view_parse ] --END-- [ RunTime:0.021939s ]
INFO: [ view_filter ] --START--
INFO: ContentReplace Behavior ::run [ RunTime:0.001679s ]
INFO: TokenBuild Behavior ::run [ RunTime:0.001681s ]
INFO: WriteHtmlCache Behavior ::run [ RunTime:0.000974s ]
INFO: ShowRuntime Behavior ::run [ RunTime:0.001359s ]
INFO: [ view_filter ] --END-- [ RunTime:0.006319s ]
INFO: [ view_end ] --START--
INFO: ShowPageTrace Behavior ::run [ RunTime:0.001472s ]
INFO: [ view_end ] --END-- [ RunTime:0.001684s ]

[ 2014-12-11T22:20:44+08:00 ] 0.0.0.0 /index.php/login/verify/
INFO: [ route_check ] --START--
INFO: CheckRoute Behavior ::run [ RunTime:0.001779s ]
INFO: [ route_check ] --END-- [ RunTime:0.002004s ]
INFO: [ app_begin ] --START--
INFO: ReadHtmlCache Behavior ::run [ RunTime:0.001511s ]
INFO: [ app_begin ] --END-- [ RunTime:0.001896s ]

[ 2014-12-11T22:20:55+08:00 ] 0.0.0.0 /index.php/login/checkLogin.html
INFO: [ route_check ] --START--
INFO: CheckRoute Behavior ::run [ RunTime:0.001258s ]
INFO: [ route_check ] --END-- [ RunTime:0.001452s ]
INFO: [ app_begin ] --START--
INFO: ReadHtmlCache Behavior ::run [ RunTime:0.001036s ]
INFO: [ app_begin ] --END-- [ RunTime:0.001276s ]
SQL: SHOW COLUMNS FROM `wj_member_user` [ RunTime:0.005575s ]
SQL: SELECT * FROM `wj_member_user` WHERE ( `username` = '王英昊' ) AND ( `password` = '96e79218965eb72c92a549dd5a330112' ) LIMIT 1   [ RunTime:0.000751s ]
NOTIC: [8] Undefined index: islock E:\wamp\www\App\Modules\Index\Action\LoginAction.class.php 第 36 行.
INFO: [ view_parse ] --START--
INFO: ParseTemplate Behavior ::run [ RunTime:0.013272s ]
INFO: [ view_parse ] --END-- [ RunTime:0.013512s ]
INFO: [ view_filter ] --START--
INFO: ContentReplace Behavior ::run [ RunTime:0.000914s ]
INFO: TokenBuild Behavior ::run [ RunTime:0.000834s ]
INFO: WriteHtmlCache Behavior ::run [ RunTime:0.000642s ]
INFO: ShowRuntime Behavior ::run [ RunTime:0.001026s ]
INFO: [ view_filter ] --END-- [ RunTime:0.003884s ]
INFO: [ view_end ] --START--
INFO: ShowPageTrace Behavior ::run [ RunTime:0.001074s ]
INFO: [ view_end ] --END-- [ RunTime:0.001268s ]

[ 2014-12-11T22:20:56+08:00 ] 0.0.0.0 /index.php/index/index.html
INFO: [ route_check ] --START--
INFO: CheckRoute Behavior ::run [ RunTime:0.001162s ]
INFO: [ route_check ] --END-- [ RunTime:0.001367s ]
INFO: [ app_begin ] --START--
INFO: ReadHtmlCache Behavior ::run [ RunTime:0.000900s ]
INFO: [ app_begin ] --END-- [ RunTime:0.001077s ]
SQL: SHOW COLUMNS FROM `wj_category` [ RunTime:0.004231s ]
ERR: 1146:Table 'wenjuan.wj_category' doesn't exist
 [ SQL语句 ] : SHOW COLUMNS FROM `wj_category`
SQL: SELECT * FROM `wj_category` WHERE ( isverify=1 and isshow=1 ) LIMIT 5   [ RunTime:0.000780s ]
ERR: 1146:Table 'wenjuan.wj_category' doesn't exist
 [ SQL语句 ] : SELECT * FROM `wj_category` WHERE ( isverify=1 and isshow=1 ) LIMIT 5  
INFO: [ view_parse ] --START--
INFO: ParseTemplate Behavior ::run [ RunTime:0.013300s ]
INFO: [ view_parse ] --END-- [ RunTime:0.013551s ]
INFO: [ view_filter ] --START--
INFO: ContentReplace Behavior ::run [ RunTime:0.000923s ]
INFO: TokenBuild Behavior ::run [ RunTime:0.000864s ]
INFO: WriteHtmlCache Behavior ::run [ RunTime:0.000583s ]
INFO: ShowRuntime Behavior ::run [ RunTime:0.000944s ]
INFO: [ view_filter ] --END-- [ RunTime:0.003865s ]
INFO: [ view_end ] --START--
INFO: ShowPageTrace Behavior ::run [ RunTime:0.001102s ]
INFO: [ view_end ] --END-- [ RunTime:0.001264s ]

[ 2014-12-11T22:20:58+08:00 ] 0.0.0.0 /index.php/index/wj
INFO: [ route_check ] --START--
INFO: CheckRoute Behavior ::run [ RunTime:0.001380s ]
INFO: [ route_check ] --END-- [ RunTime:0.001600s ]
INFO: [ app_begin ] --START--
INFO: ReadHtmlCache Behavior ::run [ RunTime:0.000947s ]
INFO: [ app_begin ] --END-- [ RunTime:0.001125s ]
SQL: SHOW COLUMNS FROM `wj_category` [ RunTime:0.004141s ]
ERR: 1146:Table 'wenjuan.wj_category' doesn't exist
 [ SQL语句 ] : SHOW COLUMNS FROM `wj_category`
SQL: SELECT * FROM `wj_category` WHERE ( isverify=1 and isshow=1 ) LIMIT 5   [ RunTime:0.000485s ]
ERR: 1146:Table 'wenjuan.wj_category' doesn't exist
 [ SQL语句 ] : SELECT * FROM `wj_category` WHERE ( isverify=1 and isshow=1 ) LIMIT 5  
SQL: SHOW COLUMNS FROM `wj_wenjuan` [ RunTime:0.004885s ]
SQL: SELECT * FROM `wj_wenjuan` WHERE ( fbr='王英昊' ) ORDER BY id desc  [ RunTime:0.000730s ]
INFO: [ view_parse ] --START--
INFO: ParseTemplate Behavior ::run [ RunTime:0.016713s ]
INFO: [ view_parse ] --END-- [ RunTime:0.016920s ]
INFO: [ view_filter ] --START--
INFO: ContentReplace Behavior ::run [ RunTime:0.000743s ]
INFO: TokenBuild Behavior ::run [ RunTime:0.000800s ]
INFO: WriteHtmlCache Behavior ::run [ RunTime:0.000531s ]
INFO: ShowRuntime Behavior ::run [ RunTime:0.000909s ]
INFO: [ view_filter ] --END-- [ RunTime:0.003471s ]
INFO: [ view_end ] --START--
INFO: ShowPageTrace Behavior ::run [ RunTime:0.001011s ]
INFO: [ view_end ] --END-- [ RunTime:0.001174s ]

[ 2014-12-11T22:20:59+08:00 ] 0.0.0.0 /index.php/index/Wj/detials/id/54
INFO: [ route_check ] --START--
INFO: CheckRoute Behavior ::run [ RunTime:0.001198s ]
INFO: [ route_check ] --END-- [ RunTime:0.001390s ]
INFO: [ app_begin ] --START--
INFO: ReadHtmlCache Behavior ::run [ RunTime:0.000919s ]
INFO: [ app_begin ] --END-- [ RunTime:0.001103s ]
SQL: SHOW COLUMNS FROM `wj_category` [ RunTime:0.004073s ]
ERR: 1146:Table 'wenjuan.wj_category' doesn't exist
 [ SQL语句 ] : SHOW COLUMNS FROM `wj_category`
SQL: SELECT * FROM `wj_category` WHERE ( isverify=1 and isshow=1 ) LIMIT 5   [ RunTime:0.000726s ]
ERR: 1146:Table 'wenjuan.wj_category' doesn't exist
 [ SQL语句 ] : SELECT * FROM `wj_category` WHERE ( isverify=1 and isshow=1 ) LIMIT 5  
SQL: SHOW COLUMNS FROM `wj_wenjuan` [ RunTime:0.004833s ]
SQL: SELECT * FROM `wj_wenjuan` WHERE ( id=54 ) LIMIT 1   [ RunTime:0.000703s ]
SQL: SHOW COLUMNS FROM `wj_wenti` [ RunTime:0.005683s ]
SQL: SELECT * FROM `wj_wenti` WHERE ( wenjuanid=54 ) ORDER BY paixu desc  [ RunTime:0.000620s ]
INFO: [ view_parse ] --START--
INFO: ParseTemplate Behavior ::run [ RunTime:0.018240s ]
INFO: [ view_parse ] --END-- [ RunTime:0.018492s ]
INFO: [ view_filter ] --START--
INFO: ContentReplace Behavior ::run [ RunTime:0.000725s ]
INFO: TokenBuild Behavior ::run [ RunTime:0.000719s ]
INFO: WriteHtmlCache Behavior ::run [ RunTime:0.000466s ]
INFO: ShowRuntime Behavior ::run [ RunTime:0.001252s ]
INFO: [ view_filter ] --END-- [ RunTime:0.003671s ]
INFO: [ view_end ] --START--
INFO: ShowPageTrace Behavior ::run [ RunTime:0.001308s ]
INFO: [ view_end ] --END-- [ RunTime:0.001513s ]

[ 2014-12-11T22:21:00+08:00 ] 0.0.0.0 /index.php/index/login/doLogout
INFO: [ route_check ] --START--
INFO: CheckRoute Behavior ::run [ RunTime:0.001188s ]
INFO: [ route_check ] --END-- [ RunTime:0.001381s ]
INFO: [ app_begin ] --START--
INFO: ReadHtmlCache Behavior ::run [ RunTime:0.000977s ]
INFO: [ app_begin ] --END-- [ RunTime:0.001138s ]
INFO: [ view_parse ] --START--
INFO: ParseTemplate Behavior ::run [ RunTime:0.012846s ]
INFO: [ view_parse ] --END-- [ RunTime:0.013069s ]
INFO: [ view_filter ] --START--
INFO: ContentReplace Behavior ::run [ RunTime:0.000676s ]
INFO: TokenBuild Behavior ::run [ RunTime:0.000716s ]
INFO: WriteHtmlCache Behavior ::run [ RunTime:0.000532s ]
INFO: ShowRuntime Behavior ::run [ RunTime:0.001213s ]
INFO: [ view_filter ] --END-- [ RunTime:0.003735s ]
INFO: [ view_end ] --START--
INFO: ShowPageTrace Behavior ::run [ RunTime:0.001059s ]
INFO: [ view_end ] --END-- [ RunTime:0.001245s ]

[ 2014-12-11T22:21:01+08:00 ] 0.0.0.0 /index.php/index/index/index.html
INFO: [ route_check ] --START--
INFO: CheckRoute Behavior ::run [ RunTime:0.001206s ]
INFO: [ route_check ] --END-- [ RunTime:0.001439s ]
INFO: [ app_begin ] --START--
INFO: ReadHtmlCache Behavior ::run [ RunTime:0.000910s ]
INFO: [ app_begin ] --END-- [ RunTime:0.001090s ]
SQL: SHOW COLUMNS FROM `wj_category` [ RunTime:0.004201s ]
ERR: 1146:Table 'wenjuan.wj_category' doesn't exist
 [ SQL语句 ] : SHOW COLUMNS FROM `wj_category`
SQL: SELECT * FROM `wj_category` WHERE ( isverify=1 and isshow=1 ) LIMIT 5   [ RunTime:0.000720s ]
ERR: 1146:Table 'wenjuan.wj_category' doesn't exist
 [ SQL语句 ] : SELECT * FROM `wj_category` WHERE ( isverify=1 and isshow=1 ) LIMIT 5  
INFO: [ view_parse ] --START--
NOTIC: [8] Undefined index: username E:\wamp\www\App\Runtime\Cache\Index\35df0d61bb9b2cf03f64104eb4a2e1e8.php 第 27 行.
INFO: ParseTemplate Behavior ::run [ RunTime:0.013097s ]
INFO: [ view_parse ] --END-- [ RunTime:0.013339s ]
INFO: [ view_filter ] --START--
INFO: ContentReplace Behavior ::run [ RunTime:0.000752s ]
INFO: TokenBuild Behavior ::run [ RunTime:0.000711s ]
INFO: WriteHtmlCache Behavior ::run [ RunTime:0.000516s ]
INFO: ShowRuntime Behavior ::run [ RunTime:0.000853s ]
INFO: [ view_filter ] --END-- [ RunTime:0.003337s ]
INFO: [ view_end ] --START--
INFO: ShowPageTrace Behavior ::run [ RunTime:0.000933s ]
INFO: [ view_end ] --END-- [ RunTime:0.001110s ]

