[ 2014-11-26T14:18:43+08:00 ] 0.0.0.0 /
INFO: [ app_begin ] --START--
INFO: ReadHtmlCache Behavior ::run [ RunTime:0.002475s ]
INFO: [ app_begin ] --END-- [ RunTime:0.028516s ]
SQL: SHOW COLUMNS FROM `wj_category` [ RunTime:0.067876s ]
ERR: 1146:Table 'wenjuan.wj_category' doesn't exist
 [ SQL语句 ] : SHOW COLUMNS FROM `wj_category`
SQL: SELECT * FROM `wj_category` WHERE ( isverify=1 and isshow=1 ) LIMIT 5   [ RunTime:0.018440s ]
ERR: 1146:Table 'wenjuan.wj_category' doesn't exist
 [ SQL语句 ] : SELECT * FROM `wj_category` WHERE ( isverify=1 and isshow=1 ) LIMIT 5  
INFO: [ view_parse ] --START--
NOTIC: [8] Undefined index: username E:\wamp\www\App\Runtime\Cache\Index\35df0d61bb9b2cf03f64104eb4a2e1e8.php 第 27 行.
INFO: ParseTemplate Behavior ::run [ RunTime:0.188335s ]
INFO: [ view_parse ] --END-- [ RunTime:0.188666s ]
INFO: [ view_filter ] --START--
INFO: ContentReplace Behavior ::run [ RunTime:0.001497s ]
INFO: TokenBuild Behavior ::run [ RunTime:0.014117s ]
INFO: WriteHtmlCache Behavior ::run [ RunTime:0.000962s ]
INFO: ShowRuntime Behavior ::run [ RunTime:0.001529s ]
INFO: [ view_filter ] --END-- [ RunTime:0.018702s ]
INFO: [ view_end ] --START--
INFO: ShowPageTrace Behavior ::run [ RunTime:0.001740s ]
INFO: [ view_end ] --END-- [ RunTime:0.001970s ]

