[ 2014-12-04T09:54:06+08:00 ] 0.0.0.0 /
INFO: [ app_begin ] --START--
INFO: ReadHtmlCache Behavior ::run [ RunTime:0.002429s ]
INFO: [ app_begin ] --END-- [ RunTime:0.002659s ]
SQL: SHOW COLUMNS FROM `wj_category` [ RunTime:0.004963s ]
ERR: 1146:Table 'wenjuan.wj_category' doesn't exist
 [ SQL语句 ] : SHOW COLUMNS FROM `wj_category`
SQL: SELECT * FROM `wj_category` WHERE ( isverify=1 and isshow=1 ) LIMIT 5   [ RunTime:0.000771s ]
ERR: 1146:Table 'wenjuan.wj_category' doesn't exist
 [ SQL语句 ] : SELECT * FROM `wj_category` WHERE ( isverify=1 and isshow=1 ) LIMIT 5  
INFO: [ view_parse ] --START--
NOTIC: [8] Undefined index: username E:\wamp\www\App\Runtime\Cache\Index\35df0d61bb9b2cf03f64104eb4a2e1e8.php 第 27 行.
INFO: ParseTemplate Behavior ::run [ RunTime:0.048054s ]
INFO: [ view_parse ] --END-- [ RunTime:0.048296s ]
INFO: [ view_filter ] --START--
INFO: ContentReplace Behavior ::run [ RunTime:0.001449s ]
INFO: TokenBuild Behavior ::run [ RunTime:0.001721s ]
INFO: WriteHtmlCache Behavior ::run [ RunTime:0.000870s ]
INFO: ShowRuntime Behavior ::run [ RunTime:0.001250s ]
INFO: [ view_filter ] --END-- [ RunTime:0.005836s ]
INFO: [ view_end ] --START--
INFO: ShowPageTrace Behavior ::run [ RunTime:0.001355s ]
INFO: [ view_end ] --END-- [ RunTime:0.001527s ]

[ 2014-12-04T09:54:09+08:00 ] 0.0.0.0 /index.php/index/login
INFO: [ route_check ] --START--
INFO: CheckRoute Behavior ::run [ RunTime:0.002210s ]
INFO: [ route_check ] --END-- [ RunTime:0.002426s ]
INFO: [ app_begin ] --START--
INFO: ReadHtmlCache Behavior ::run [ RunTime:0.001420s ]
INFO: [ app_begin ] --END-- [ RunTime:0.001607s ]
INFO: [ view_parse ] --START--
INFO: ParseTemplate Behavior ::run [ RunTime:0.035945s ]
INFO: [ view_parse ] --END-- [ RunTime:0.036164s ]
INFO: [ view_filter ] --START--
INFO: ContentReplace Behavior ::run [ RunTime:0.001135s ]
INFO: TokenBuild Behavior ::run [ RunTime:0.001139s ]
INFO: WriteHtmlCache Behavior ::run [ RunTime:0.000975s ]
INFO: ShowRuntime Behavior ::run [ RunTime:0.001300s ]
INFO: [ view_filter ] --END-- [ RunTime:0.005096s ]
INFO: [ view_end ] --START--
INFO: ShowPageTrace Behavior ::run [ RunTime:0.001176s ]
INFO: [ view_end ] --END-- [ RunTime:0.001343s ]

[ 2014-12-04T09:54:09+08:00 ] 0.0.0.0 /index.php/login/verify/
INFO: [ route_check ] --START--
INFO: CheckRoute Behavior ::run [ RunTime:0.001906s ]
INFO: [ route_check ] --END-- [ RunTime:0.002148s ]
INFO: [ app_begin ] --START--
INFO: ReadHtmlCache Behavior ::run [ RunTime:0.001602s ]
INFO: [ app_begin ] --END-- [ RunTime:0.001834s ]

[ 2014-12-04T09:54:24+08:00 ] 0.0.0.0 /index.php/login/checkLogin.html
INFO: [ route_check ] --START--
INFO: CheckRoute Behavior ::run [ RunTime:0.001991s ]
INFO: [ route_check ] --END-- [ RunTime:0.002230s ]
INFO: [ app_begin ] --START--
INFO: ReadHtmlCache Behavior ::run [ RunTime:0.001404s ]
INFO: [ app_begin ] --END-- [ RunTime:0.001663s ]
SQL: SHOW COLUMNS FROM `wj_member_user` [ RunTime:0.006089s ]
SQL: SELECT * FROM `wj_member_user` WHERE ( `username` = '王英昊' ) AND ( `password` = '96e79218965eb72c92a549dd5a330112' ) LIMIT 1   [ RunTime:0.000617s ]
NOTIC: [8] Undefined index: islock E:\wamp\www\App\Modules\Index\Action\LoginAction.class.php 第 36 行.
INFO: [ view_parse ] --START--
INFO: ParseTemplate Behavior ::run [ RunTime:0.059208s ]
INFO: [ view_parse ] --END-- [ RunTime:0.059457s ]
INFO: [ view_filter ] --START--
INFO: ContentReplace Behavior ::run [ RunTime:0.001469s ]
INFO: TokenBuild Behavior ::run [ RunTime:0.001656s ]
INFO: WriteHtmlCache Behavior ::run [ RunTime:0.001019s ]
INFO: ShowRuntime Behavior ::run [ RunTime:0.002198s ]
INFO: [ view_filter ] --END-- [ RunTime:0.007038s ]
INFO: [ view_end ] --START--
INFO: ShowPageTrace Behavior ::run [ RunTime:0.001755s ]
INFO: [ view_end ] --END-- [ RunTime:0.001956s ]

[ 2014-12-04T09:54:25+08:00 ] 0.0.0.0 /index.php/index/index.html
INFO: [ route_check ] --START--
INFO: CheckRoute Behavior ::run [ RunTime:0.001403s ]
INFO: [ route_check ] --END-- [ RunTime:0.001616s ]
INFO: [ app_begin ] --START--
INFO: ReadHtmlCache Behavior ::run [ RunTime:0.001519s ]
INFO: [ app_begin ] --END-- [ RunTime:0.001741s ]
SQL: SHOW COLUMNS FROM `wj_category` [ RunTime:0.004092s ]
ERR: 1146:Table 'wenjuan.wj_category' doesn't exist
 [ SQL语句 ] : SHOW COLUMNS FROM `wj_category`
SQL: SELECT * FROM `wj_category` WHERE ( isverify=1 and isshow=1 ) LIMIT 5   [ RunTime:0.000756s ]
ERR: 1146:Table 'wenjuan.wj_category' doesn't exist
 [ SQL语句 ] : SELECT * FROM `wj_category` WHERE ( isverify=1 and isshow=1 ) LIMIT 5  
INFO: [ view_parse ] --START--
INFO: ParseTemplate Behavior ::run [ RunTime:0.015852s ]
INFO: [ view_parse ] --END-- [ RunTime:0.016084s ]
INFO: [ view_filter ] --START--
INFO: ContentReplace Behavior ::run [ RunTime:0.000887s ]
INFO: TokenBuild Behavior ::run [ RunTime:0.000958s ]
INFO: WriteHtmlCache Behavior ::run [ RunTime:0.001027s ]
INFO: ShowRuntime Behavior ::run [ RunTime:0.001250s ]
INFO: [ view_filter ] --END-- [ RunTime:0.004646s ]
INFO: [ view_end ] --START--
INFO: ShowPageTrace Behavior ::run [ RunTime:0.001143s ]
INFO: [ view_end ] --END-- [ RunTime:0.001310s ]

[ 2014-12-04T09:54:27+08:00 ] 0.0.0.0 /index.php/index/wj
INFO: [ route_check ] --START--
INFO: CheckRoute Behavior ::run [ RunTime:0.001493s ]
INFO: [ route_check ] --END-- [ RunTime:0.001719s ]
INFO: [ app_begin ] --START--
INFO: ReadHtmlCache Behavior ::run [ RunTime:0.001622s ]
INFO: [ app_begin ] --END-- [ RunTime:0.001898s ]
SQL: SHOW COLUMNS FROM `wj_category` [ RunTime:0.004520s ]
ERR: 1146:Table 'wenjuan.wj_category' doesn't exist
 [ SQL语句 ] : SHOW COLUMNS FROM `wj_category`
SQL: SELECT * FROM `wj_category` WHERE ( isverify=1 and isshow=1 ) LIMIT 5   [ RunTime:0.000818s ]
ERR: 1146:Table 'wenjuan.wj_category' doesn't exist
 [ SQL语句 ] : SELECT * FROM `wj_category` WHERE ( isverify=1 and isshow=1 ) LIMIT 5  
SQL: SHOW COLUMNS FROM `wj_wenjuan` [ RunTime:0.005590s ]
SQL: SELECT * FROM `wj_wenjuan` WHERE ( fbr='王英昊' ) ORDER BY id desc  [ RunTime:0.000569s ]
INFO: [ view_parse ] --START--
INFO: ParseTemplate Behavior ::run [ RunTime:0.037871s ]
INFO: [ view_parse ] --END-- [ RunTime:0.038091s ]
INFO: [ view_filter ] --START--
INFO: ContentReplace Behavior ::run [ RunTime:0.001016s ]
INFO: TokenBuild Behavior ::run [ RunTime:0.001294s ]
INFO: WriteHtmlCache Behavior ::run [ RunTime:0.000849s ]
INFO: ShowRuntime Behavior ::run [ RunTime:0.001149s ]
INFO: [ view_filter ] --END-- [ RunTime:0.004865s ]
INFO: [ view_end ] --START--
INFO: ShowPageTrace Behavior ::run [ RunTime:0.001738s ]
INFO: [ view_end ] --END-- [ RunTime:0.001971s ]

[ 2014-12-04T09:54:29+08:00 ] 0.0.0.0 /index.php/index/Wj/detials/id/53
INFO: [ route_check ] --START--
INFO: CheckRoute Behavior ::run [ RunTime:0.001600s ]
INFO: [ route_check ] --END-- [ RunTime:0.001840s ]
INFO: [ app_begin ] --START--
INFO: ReadHtmlCache Behavior ::run [ RunTime:0.001420s ]
INFO: [ app_begin ] --END-- [ RunTime:0.001652s ]
SQL: SHOW COLUMNS FROM `wj_category` [ RunTime:0.004186s ]
ERR: 1146:Table 'wenjuan.wj_category' doesn't exist
 [ SQL语句 ] : SHOW COLUMNS FROM `wj_category`
SQL: SELECT * FROM `wj_category` WHERE ( isverify=1 and isshow=1 ) LIMIT 5   [ RunTime:0.000917s ]
ERR: 1146:Table 'wenjuan.wj_category' doesn't exist
 [ SQL语句 ] : SELECT * FROM `wj_category` WHERE ( isverify=1 and isshow=1 ) LIMIT 5  
SQL: SHOW COLUMNS FROM `wj_wenjuan` [ RunTime:0.005071s ]
SQL: SELECT * FROM `wj_wenjuan` WHERE ( id=53 ) LIMIT 1   [ RunTime:0.026764s ]
SQL: SHOW COLUMNS FROM `wj_wenti` [ RunTime:0.005580s ]
SQL: SELECT * FROM `wj_wenti` WHERE ( wenjuanid=53 ) ORDER BY paixu desc  [ RunTime:0.000812s ]
INFO: [ view_parse ] --START--
INFO: ParseTemplate Behavior ::run [ RunTime:0.021628s ]
INFO: [ view_parse ] --END-- [ RunTime:0.021852s ]
INFO: [ view_filter ] --START--
INFO: ContentReplace Behavior ::run [ RunTime:0.001228s ]
INFO: TokenBuild Behavior ::run [ RunTime:0.001043s ]
INFO: WriteHtmlCache Behavior ::run [ RunTime:0.000981s ]
INFO: ShowRuntime Behavior ::run [ RunTime:0.001267s ]
INFO: [ view_filter ] --END-- [ RunTime:0.005103s ]
INFO: [ view_end ] --START--
INFO: ShowPageTrace Behavior ::run [ RunTime:0.001242s ]
INFO: [ view_end ] --END-- [ RunTime:0.001438s ]

[ 2014-12-04T09:54:33+08:00 ] 0.0.0.0 /index.php/index/wj/submit.html
INFO: [ route_check ] --START--
INFO: CheckRoute Behavior ::run [ RunTime:0.001498s ]
INFO: [ route_check ] --END-- [ RunTime:0.001693s ]
INFO: [ app_begin ] --START--
INFO: ReadHtmlCache Behavior ::run [ RunTime:0.001253s ]
INFO: [ app_begin ] --END-- [ RunTime:0.001438s ]
SQL: SHOW COLUMNS FROM `wj_category` [ RunTime:0.004143s ]
ERR: 1146:Table 'wenjuan.wj_category' doesn't exist
 [ SQL语句 ] : SHOW COLUMNS FROM `wj_category`
SQL: SELECT * FROM `wj_category` WHERE ( isverify=1 and isshow=1 ) LIMIT 5   [ RunTime:0.000592s ]
ERR: 1146:Table 'wenjuan.wj_category' doesn't exist
 [ SQL语句 ] : SELECT * FROM `wj_category` WHERE ( isverify=1 and isshow=1 ) LIMIT 5  
SQL: SHOW COLUMNS FROM `wj_wenjuan` [ RunTime:0.005060s ]
SQL: SELECT * FROM `wj_wenjuan` WHERE ( id=53 ) LIMIT 1   [ RunTime:0.000730s ]
SQL: SHOW COLUMNS FROM `wj_wenti` [ RunTime:0.005632s ]
SQL: SELECT * FROM `wj_wenti` WHERE ( wenjuanid=53 ) ORDER BY paixu desc  [ RunTime:0.000776s ]
SQL: SELECT COUNT(*) AS tp_count FROM `wj_wenti` WHERE ( wenjuanid=53 ) LIMIT 1   [ RunTime:0.000654s ]
INFO: [ view_parse ] --START--
INFO: ParseTemplate Behavior ::run [ RunTime:0.032702s ]
INFO: [ view_parse ] --END-- [ RunTime:0.032919s ]
INFO: [ view_filter ] --START--
INFO: ContentReplace Behavior ::run [ RunTime:0.000977s ]
INFO: TokenBuild Behavior ::run [ RunTime:0.001045s ]
INFO: WriteHtmlCache Behavior ::run [ RunTime:0.000795s ]
INFO: ShowRuntime Behavior ::run [ RunTime:0.001148s ]
INFO: [ view_filter ] --END-- [ RunTime:0.004475s ]
INFO: [ view_end ] --START--
INFO: ShowPageTrace Behavior ::run [ RunTime:0.001184s ]
INFO: [ view_end ] --END-- [ RunTime:0.001351s ]

[ 2014-12-04T09:55:54+08:00 ] 0.0.0.0 /index.php/index/Wj/rank/id/56
INFO: [ route_check ] --START--
INFO: CheckRoute Behavior ::run [ RunTime:0.002513s ]
INFO: [ route_check ] --END-- [ RunTime:0.002788s ]
INFO: [ app_begin ] --START--
INFO: ReadHtmlCache Behavior ::run [ RunTime:0.001634s ]
INFO: [ app_begin ] --END-- [ RunTime:0.001912s ]
SQL: SHOW COLUMNS FROM `wj_category` [ RunTime:0.004927s ]
ERR: 1146:Table 'wenjuan.wj_category' doesn't exist
 [ SQL语句 ] : SHOW COLUMNS FROM `wj_category`
SQL: SELECT * FROM `wj_category` WHERE ( isverify=1 and isshow=1 ) LIMIT 5   [ RunTime:0.000711s ]
ERR: 1146:Table 'wenjuan.wj_category' doesn't exist
 [ SQL语句 ] : SELECT * FROM `wj_category` WHERE ( isverify=1 and isshow=1 ) LIMIT 5  

[ 2014-12-04T09:56:22+08:00 ] 0.0.0.0 /index.php/index/Wj/rank/id/56
INFO: [ route_check ] --START--
INFO: CheckRoute Behavior ::run [ RunTime:0.001473s ]
INFO: [ route_check ] --END-- [ RunTime:0.001702s ]
INFO: [ app_begin ] --START--
INFO: ReadHtmlCache Behavior ::run [ RunTime:0.001187s ]
INFO: [ app_begin ] --END-- [ RunTime:0.001365s ]
SQL: SHOW COLUMNS FROM `wj_category` [ RunTime:0.004281s ]
ERR: 1146:Table 'wenjuan.wj_category' doesn't exist
 [ SQL语句 ] : SHOW COLUMNS FROM `wj_category`
SQL: SELECT * FROM `wj_category` WHERE ( isverify=1 and isshow=1 ) LIMIT 5   [ RunTime:0.000522s ]
ERR: 1146:Table 'wenjuan.wj_category' doesn't exist
 [ SQL语句 ] : SELECT * FROM `wj_category` WHERE ( isverify=1 and isshow=1 ) LIMIT 5  
INFO: [ view_parse ] --START--
INFO: ParseTemplate Behavior ::run [ RunTime:0.016784s ]
INFO: [ view_parse ] --END-- [ RunTime:0.017028s ]
INFO: [ view_filter ] --START--
INFO: ContentReplace Behavior ::run [ RunTime:0.000976s ]
INFO: TokenBuild Behavior ::run [ RunTime:0.000979s ]
INFO: WriteHtmlCache Behavior ::run [ RunTime:0.000816s ]
INFO: ShowRuntime Behavior ::run [ RunTime:0.001143s ]
INFO: [ view_filter ] --END-- [ RunTime:0.004382s ]
INFO: [ view_end ] --START--
INFO: ShowPageTrace Behavior ::run [ RunTime:0.001267s ]
INFO: [ view_end ] --END-- [ RunTime:0.001434s ]

