[ 2014-11-12T20:29:47+08:00 ] 0.0.0.0 /
INFO: [ app_begin ] --START--
INFO: ReadHtmlCache Behavior ::run [ RunTime:0.001518s ]
INFO: [ app_begin ] --END-- [ RunTime:0.001761s ]
SQL: SHOW COLUMNS FROM `wj_category` [ RunTime:0.005926s ]
ERR: 1146:Table 'wenjuan.wj_category' doesn't exist
 [ SQL语句 ] : SHOW COLUMNS FROM `wj_category`
SQL: SELECT * FROM `wj_category` WHERE ( isverify=1 and isshow=1 ) LIMIT 5   [ RunTime:0.000837s ]
ERR: 1146:Table 'wenjuan.wj_category' doesn't exist
 [ SQL语句 ] : SELECT * FROM `wj_category` WHERE ( isverify=1 and isshow=1 ) LIMIT 5  
INFO: [ view_parse ] --START--
NOTIC: [8] Undefined index: username E:\wamp\www\App\Runtime\Cache\Index\35df0d61bb9b2cf03f64104eb4a2e1e8.php 第 27 行.
INFO: ParseTemplate Behavior ::run [ RunTime:0.039749s ]
INFO: [ view_parse ] --END-- [ RunTime:0.039985s ]
INFO: [ view_filter ] --START--
INFO: ContentReplace Behavior ::run [ RunTime:0.001521s ]
INFO: TokenBuild Behavior ::run [ RunTime:0.001086s ]
INFO: WriteHtmlCache Behavior ::run [ RunTime:0.000845s ]
INFO: ShowRuntime Behavior ::run [ RunTime:0.001150s ]
INFO: [ view_filter ] --END-- [ RunTime:0.005112s ]
INFO: [ view_end ] --START--
INFO: ShowPageTrace Behavior ::run [ RunTime:0.001295s ]
INFO: [ view_end ] --END-- [ RunTime:0.001472s ]

[ 2014-11-12T20:31:40+08:00 ] 0.0.0.0 /
INFO: [ app_begin ] --START--
INFO: ReadHtmlCache Behavior ::run [ RunTime:0.002038s ]
INFO: [ app_begin ] --END-- [ RunTime:0.002365s ]
SQL: SHOW COLUMNS FROM `wj_category` [ RunTime:0.005496s ]
ERR: 1146:Table 'wenjuan.wj_category' doesn't exist
 [ SQL语句 ] : SHOW COLUMNS FROM `wj_category`
SQL: SELECT * FROM `wj_category` WHERE ( isverify=1 and isshow=1 ) LIMIT 5   [ RunTime:0.000842s ]
ERR: 1146:Table 'wenjuan.wj_category' doesn't exist
 [ SQL语句 ] : SELECT * FROM `wj_category` WHERE ( isverify=1 and isshow=1 ) LIMIT 5  
INFO: [ view_parse ] --START--
NOTIC: [8] Undefined index: username E:\wamp\www\App\Runtime\Cache\Index\35df0d61bb9b2cf03f64104eb4a2e1e8.php 第 27 行.
INFO: ParseTemplate Behavior ::run [ RunTime:0.015574s ]
INFO: [ view_parse ] --END-- [ RunTime:0.015770s ]
INFO: [ view_filter ] --START--
INFO: ContentReplace Behavior ::run [ RunTime:0.000809s ]
INFO: TokenBuild Behavior ::run [ RunTime:0.000867s ]
INFO: WriteHtmlCache Behavior ::run [ RunTime:0.000604s ]
INFO: ShowRuntime Behavior ::run [ RunTime:0.001080s ]
INFO: [ view_filter ] --END-- [ RunTime:0.003850s ]
INFO: [ view_end ] --START--
INFO: ShowPageTrace Behavior ::run [ RunTime:0.001112s ]
INFO: [ view_end ] --END-- [ RunTime:0.001311s ]

